TN:
SF:/home/xronia/workspace/PBase/String/astring.h
FN:147,_ZN6String7astringILi64EEC2EPKc
FN:152,_ZN6String7astringILi64EEC2ERKNSt7__cxx1112basic_stringIcSt11char_traitsIcESaIcEEE
FN:200,_ZN6String7astringILi64EED2Ev
FN:254,_ZN6String7astringILi64EE3setEPKc
FN:271,_ZN6String7astringILi64EE3setERKNSt7__cxx1112basic_stringIcSt11char_traitsIcESaIcEEE
FN:292,_ZN6String7astringILi64EE5clearEv
FNDA:0,_ZN6String7astringILi64EEC2EPKc
FNDA:118,_ZN6String7astringILi64EEC2ERKNSt7__cxx1112basic_stringIcSt11char_traitsIcESaIcEEE
FNDA:0,_ZN6String7astringILi64EED2Ev
FNDA:0,_ZN6String7astringILi64EE3setEPKc
FNDA:288,_ZN6String7astringILi64EE3setERKNSt7__cxx1112basic_stringIcSt11char_traitsIcESaIcEEE
FNDA:0,_ZN6String7astringILi64EE5clearEv
FNF:6
FNH:2
DA:147,0
DA:148,0
DA:149,0
DA:152,118
DA:153,118
DA:154,118
DA:200,0
DA:201,0
DA:202,0
DA:203,0
DA:254,0
DA:255,0
DA:256,0
DA:257,0
DA:258,0
DA:260,0
DA:261,0
DA:264,0
DA:271,288
DA:272,288
DA:273,288
DA:292,0
DA:293,0
DA:294,0
LF:24
LH:6
end_of_record
SF:/usr/include/c++/7/bits/alloc_traits.h
FN:435,_ZNSt16allocator_traitsISaISt13_Rb_tree_nodeISt4pairIKNSt7__cxx1112basic_stringIcSt11char_traitsIcESaIcEEEN6Entity6ColumnEEEEE8allocateERSD_m
FN:461,_ZNSt16allocator_traitsISaISt13_Rb_tree_nodeISt4pairIKNSt7__cxx1112basic_stringIcSt11char_traitsIcESaIcEEEN6Entity6ColumnEEEEE10deallocateERSD_PSC_m
FN:474,_ZNSt16allocator_traitsISaISt13_Rb_tree_nodeISt4pairIKNSt7__cxx1112basic_stringIcSt11char_traitsIcESaIcEEEN6Entity6ColumnEEEEE9constructISB_JRKSB_EEEvRSD_PT_DpOT0_
FN:486,_ZNSt16allocator_traitsISaISt13_Rb_tree_nodeISt4pairIKNSt7__cxx1112basic_stringIcSt11char_traitsIcESaIcEEEN6Entity6ColumnEEEEE7destroyISB_EEvRSD_PT_
FNDA:0,_ZNSt16allocator_traitsISaISt13_Rb_tree_nodeISt4pairIKNSt7__cxx1112basic_stringIcSt11char_traitsIcESaIcEEEN6Entity6ColumnEEEEE8allocateERSD_m
FNDA:0,_ZNSt16allocator_traitsISaISt13_Rb_tree_nodeISt4pairIKNSt7__cxx1112basic_stringIcSt11char_traitsIcESaIcEEEN6Entity6ColumnEEEEE10deallocateERSD_PSC_m
FNDA:0,_ZNSt16allocator_traitsISaISt13_Rb_tree_nodeISt4pairIKNSt7__cxx1112basic_stringIcSt11char_traitsIcESaIcEEEN6Entity6ColumnEEEEE9constructISB_JRKSB_EEEvRSD_PT_DpOT0_
FNDA:0,_ZNSt16allocator_traitsISaISt13_Rb_tree_nodeISt4pairIKNSt7__cxx1112basic_stringIcSt11char_traitsIcESaIcEEEN6Entity6ColumnEEEEE7destroyISB_EEvRSD_PT_
FNF:4
FNH:0
DA:435,0
DA:436,0
DA:461,0
DA:462,0
DA:474,0
DA:475,0
DA:486,0
DA:487,0
LF:8
LH:0
end_of_record
SF:/usr/include/c++/7/bits/allocator.h
FN:131,_ZNSaISt4pairIKNSt7__cxx1112basic_stringIcSt11char_traitsIcESaIcEEEN6Entity6ColumnEEEC2Ev
FN:133,_ZNSaISt4pairIKNSt7__cxx1112basic_stringIcSt11char_traitsIcESaIcEEEN6Entity6ColumnEEEC2ERKSA_
FN:133,_ZNSaISt13_Rb_tree_nodeISt4pairIKNSt7__cxx1112basic_stringIcSt11char_traitsIcESaIcEEEN6Entity6ColumnEEEEC2ERKSC_
FN:137,_ZNSaISt13_Rb_tree_nodeISt4pairIKNSt7__cxx1112basic_stringIcSt11char_traitsIcESaIcEEEN6Entity6ColumnEEEEC2ISA_EERKSaIT_E
FN:139,_ZNSaISt13_Rb_tree_nodeISt4pairIKNSt7__cxx1112basic_stringIcSt11char_traitsIcESaIcEEEN6Entity6ColumnEEEED2Ev
FN:139,_ZNSaISt4pairIKNSt7__cxx1112basic_stringIcSt11char_traitsIcESaIcEEEN6Entity6ColumnEEED2Ev
FNDA:0,_ZNSaISt4pairIKNSt7__cxx1112basic_stringIcSt11char_traitsIcESaIcEEEN6Entity6ColumnEEEC2Ev
FNDA:0,_ZNSaISt13_Rb_tree_nodeISt4pairIKNSt7__cxx1112basic_stringIcSt11char_traitsIcESaIcEEEN6Entity6ColumnEEEEC2ERKSC_
FNDA:0,_ZNSaISt4pairIKNSt7__cxx1112basic_stringIcSt11char_traitsIcESaIcEEEN6Entity6ColumnEEEC2ERKSA_
FNDA:0,_ZNSaISt13_Rb_tree_nodeISt4pairIKNSt7__cxx1112basic_stringIcSt11char_traitsIcESaIcEEEN6Entity6ColumnEEEEC2ISA_EERKSaIT_E
FNDA:0,_ZNSaISt13_Rb_tree_nodeISt4pairIKNSt7__cxx1112basic_stringIcSt11char_traitsIcESaIcEEEN6Entity6ColumnEEEED2Ev
FNDA:0,_ZNSaISt4pairIKNSt7__cxx1112basic_stringIcSt11char_traitsIcESaIcEEEN6Entity6ColumnEEED2Ev
FNF:6
FNH:0
DA:131,0
DA:133,0
DA:134,0
DA:137,0
DA:139,0
LF:5
LH:0
end_of_record
SF:/usr/include/c++/7/bits/basic_string.h
FN:6082,_ZStltIcSt11char_traitsIcESaIcEEbRKNSt7__cxx1112basic_stringIT_T0_T1_EESA_
FNDA:0,_ZStltIcSt11char_traitsIcESaIcEEbRKNSt7__cxx1112basic_stringIT_T0_T1_EESA_
FNF:1
FNH:0
DA:6082,0
DA:6085,0
LF:2
LH:0
end_of_record
SF:/usr/include/c++/7/bits/move.h
FN:73,_ZSt7forwardIRKSt4pairIKNSt7__cxx1112basic_stringIcSt11char_traitsIcESaIcEEEN6Entity6ColumnEEEOT_RNSt16remove_referenceISD_E4typeE
FN:73,_ZSt7forwardIRA5_KcEOT_RNSt16remove_referenceIS3_E4typeE
FN:73,_ZSt7forwardIRPSt18_Rb_tree_node_baseEOT_RNSt16remove_referenceIS3_E4typeE
FN:73,_ZSt7forwardIRPSt13_Rb_tree_nodeISt4pairIKNSt7__cxx1112basic_stringIcSt11char_traitsIcESaIcEEEN6Entity6ColumnEEEEOT_RNSt16remove_referenceISF_E4typeE
FN:98,_ZSt4moveIRSaISt13_Rb_tree_nodeISt4pairIKNSt7__cxx1112basic_stringIcSt11char_traitsIcESaIcEEEN6Entity6ColumnEEEEEONSt16remove_referenceIT_E4typeEOSG_
FNDA:0,_ZSt7forwardIRPSt13_Rb_tree_nodeISt4pairIKNSt7__cxx1112basic_stringIcSt11char_traitsIcESaIcEEEN6Entity6ColumnEEEEOT_RNSt16remove_referenceISF_E4typeE
FNDA:0,_ZSt7forwardIRPSt18_Rb_tree_node_baseEOT_RNSt16remove_referenceIS3_E4typeE
FNDA:0,_ZSt7forwardIRKSt4pairIKNSt7__cxx1112basic_stringIcSt11char_traitsIcESaIcEEEN6Entity6ColumnEEEOT_RNSt16remove_referenceISD_E4typeE
FNDA:192,_ZSt7forwardIRA5_KcEOT_RNSt16remove_referenceIS3_E4typeE
FNDA:0,_ZSt4moveIRSaISt13_Rb_tree_nodeISt4pairIKNSt7__cxx1112basic_stringIcSt11char_traitsIcESaIcEEEN6Entity6ColumnEEEEEONSt16remove_referenceIT_E4typeEOSG_
FNF:5
FNH:1
DA:73,192
DA:74,192
DA:98,0
DA:99,0
LF:4
LH:2
end_of_record
SF:/usr/include/c++/7/bits/stl_function.h
FN:385,_ZNKSt4lessINSt7__cxx1112basic_stringIcSt11char_traitsIcESaIcEEEEclERKS5_S8_
FN:890,_ZNKSt10_Select1stISt4pairIKNSt7__cxx1112basic_stringIcSt11char_traitsIcESaIcEEEN6Entity6ColumnEEEclERKSA_
FNDA:0,_ZNKSt4lessINSt7__cxx1112basic_stringIcSt11char_traitsIcESaIcEEEEclERKS5_S8_
FNDA:0,_ZNKSt10_Select1stISt4pairIKNSt7__cxx1112basic_stringIcSt11char_traitsIcESaIcEEEN6Entity6ColumnEEEclERKSA_
FNF:2
FNH:0
DA:385,0
DA:386,0
DA:890,0
DA:891,0
LF:4
LH:0
end_of_record
SF:/usr/include/c++/7/bits/stl_map.h
FN:220,_ZNSt3mapINSt7__cxx1112basic_stringIcSt11char_traitsIcESaIcEEEN6Entity6ColumnESt4lessIS5_ESaISt4pairIKS5_S7_EEEC2ESt16initializer_listISC_ERKS9_RKSD_
FN:294,_ZNSt3mapINSt7__cxx1112basic_stringIcSt11char_traitsIcESaIcEEEN6Entity6ColumnESt4lessIS5_ESaISt4pairIKS5_S7_EEED2Ev
FNDA:0,_ZNSt3mapINSt7__cxx1112basic_stringIcSt11char_traitsIcESaIcEEEN6Entity6ColumnESt4lessIS5_ESaISt4pairIKS5_S7_EEEC2ESt16initializer_listISC_ERKS9_RKSD_
FNDA:0,_ZNSt3mapINSt7__cxx1112basic_stringIcSt11char_traitsIcESaIcEEEN6Entity6ColumnESt4lessIS5_ESaISt4pairIKS5_S7_EEED2Ev
FNF:2
FNH:0
DA:220,0
DA:223,0
DA:224,0
DA:294,0
LF:4
LH:0
end_of_record
SF:/usr/include/c++/7/bits/stl_pair.h
FN:198,_ZNSt4pairIKNSt7__cxx1112basic_stringIcSt11char_traitsIcESaIcEEEN6Entity6ColumnEED2Ev
FN:292,_ZNSt4pairIKNSt7__cxx1112basic_stringIcSt11char_traitsIcESaIcEEEN6Entity6ColumnEEC2ERKS9_
FN:300,_ZNSt4pairIPSt18_Rb_tree_node_baseS1_EC2IRS1_Lb1EEEOT_RKS1_
FN:300,_ZNSt4pairIKNSt7__cxx1112basic_stringIcSt11char_traitsIcESaIcEEEN6Entity6ColumnEEC2IRA5_KcLb1EEEOT_RKS8_
FN:314,_ZNSt4pairIPSt18_Rb_tree_node_baseS1_EC2IRS1_Lb1EEERKS1_OT_
FN:330,_ZNSt4pairIPSt18_Rb_tree_node_baseS1_EC2IRS1_S4_Lb1EEEOT_OT0_
FN:330,_ZNSt4pairIPSt18_Rb_tree_node_baseS1_EC2IRPSt13_Rb_tree_nodeIS_IKNSt7__cxx1112basic_stringIcSt11char_traitsIcESaIcEEEN6Entity6ColumnEEERS1_Lb1EEEOT_OT0_
FNDA:0,_ZNSt4pairIKNSt7__cxx1112basic_stringIcSt11char_traitsIcESaIcEEEN6Entity6ColumnEED2Ev
FNDA:0,_ZNSt4pairIKNSt7__cxx1112basic_stringIcSt11char_traitsIcESaIcEEEN6Entity6ColumnEEC2ERKS9_
FNDA:0,_ZNSt4pairIPSt18_Rb_tree_node_baseS1_EC2IRS1_Lb1EEEOT_RKS1_
FNDA:198,_ZNSt4pairIKNSt7__cxx1112basic_stringIcSt11char_traitsIcESaIcEEEN6Entity6ColumnEEC2IRA5_KcLb1EEEOT_RKS8_
FNDA:0,_ZNSt4pairIPSt18_Rb_tree_node_baseS1_EC2IRS1_Lb1EEERKS1_OT_
FNDA:0,_ZNSt4pairIPSt18_Rb_tree_node_baseS1_EC2IRPSt13_Rb_tree_nodeIS_IKNSt7__cxx1112basic_stringIcSt11char_traitsIcESaIcEEEN6Entity6ColumnEEERS1_Lb1EEEOT_OT0_
FNDA:0,_ZNSt4pairIPSt18_Rb_tree_node_baseS1_EC2IRS1_S4_Lb1EEEOT_OT0_
FNF:7
FNH:1
DA:198,0
DA:292,0
DA:300,198
DA:301,198
DA:314,0
DA:315,0
DA:330,0
DA:331,0
LF:8
LH:2
end_of_record
SF:/usr/include/c++/7/bits/stl_tree.h
FN:152,_ZNSt20_Rb_tree_key_compareISt4lessINSt7__cxx1112basic_stringIcSt11char_traitsIcESaIcEEEEEC2ERKS7_
FN:173,_ZNSt15_Rb_tree_headerC2Ev
FN:206,_ZNSt15_Rb_tree_header8_M_resetEv
FN:234,_ZNSt13_Rb_tree_nodeISt4pairIKNSt7__cxx1112basic_stringIcSt11char_traitsIcESaIcEEEN6Entity6ColumnEEE9_M_valptrEv
FN:238,_ZNKSt13_Rb_tree_nodeISt4pairIKNSt7__cxx1112basic_stringIcSt11char_traitsIcESaIcEEEN6Entity6ColumnEEE9_M_valptrEv
FN:273,_ZNSt17_Rb_tree_iteratorISt4pairIKNSt7__cxx1112basic_stringIcSt11char_traitsIcESaIcEEEN6Entity6ColumnEEEC2EPSt18_Rb_tree_node_base
FN:285,_ZNSt17_Rb_tree_iteratorISt4pairIKNSt7__cxx1112basic_stringIcSt11char_traitsIcESaIcEEEN6Entity6ColumnEEEppEv
FN:300,_ZNSt17_Rb_tree_iteratorISt4pairIKNSt7__cxx1112basic_stringIcSt11char_traitsIcESaIcEEEN6Entity6ColumnEEEmmEv
FN:315,_ZNKSt17_Rb_tree_iteratorISt4pairIKNSt7__cxx1112basic_stringIcSt11char_traitsIcESaIcEEEN6Entity6ColumnEEEeqERKSB_
FN:348,_ZNSt23_Rb_tree_const_iteratorISt4pairIKNSt7__cxx1112basic_stringIcSt11char_traitsIcESaIcEEEN6Entity6ColumnEEEC2ERKSt17_Rb_tree_iteratorISA_E
FN:352,_ZNKSt23_Rb_tree_const_iteratorISt4pairIKNSt7__cxx1112basic_stringIcSt11char_traitsIcESaIcEEEN6Entity6ColumnEEE13_M_const_castEv
FN:546,_ZNSt8_Rb_treeINSt7__cxx1112basic_stringIcSt11char_traitsIcESaIcEEESt4pairIKS5_N6Entity6ColumnEESt10_Select1stISA_ESt4lessIS5_ESaISA_EE11_Alloc_nodeC2ERSG_
FN:554,_ZNKSt8_Rb_treeINSt7__cxx1112basic_stringIcSt11char_traitsIcESaIcEEESt4pairIKS5_N6Entity6ColumnEESt10_Select1stISA_ESt4lessIS5_ESaISA_EE11_Alloc_nodeclIRKSA_EEPSt13_Rb_tree_nodeISA_EOT_
FN:574,_ZNSt8_Rb_treeINSt7__cxx1112basic_stringIcSt11char_traitsIcESaIcEEESt4pairIKS5_N6Entity6ColumnEESt10_Select1stISA_ESt4lessIS5_ESaISA_EE21_M_get_Node_allocatorEv
FN:587,_ZNSt8_Rb_treeINSt7__cxx1112basic_stringIcSt11char_traitsIcESaIcEEESt4pairIKS5_N6Entity6ColumnEESt10_Select1stISA_ESt4lessIS5_ESaISA_EE11_M_get_nodeEv
FN:591,_ZNSt8_Rb_treeINSt7__cxx1112basic_stringIcSt11char_traitsIcESaIcEEESt4pairIKS5_N6Entity6ColumnEESt10_Select1stISA_ESt4lessIS5_ESaISA_EE11_M_put_nodeEPSt13_Rb_tree_nodeISA_E
FN:621,_ZNSt8_Rb_treeINSt7__cxx1112basic_stringIcSt11char_traitsIcESaIcEEESt4pairIKS5_N6Entity6ColumnEESt10_Select1stISA_ESt4lessIS5_ESaISA_EE17_M_construct_nodeIJRKSA_EEEvPSt13_Rb_tree_nodeISA_EDpOT_
FN:640,_ZNSt8_Rb_treeINSt7__cxx1112basic_stringIcSt11char_traitsIcESaIcEEESt4pairIKS5_N6Entity6ColumnEESt10_Select1stISA_ESt4lessIS5_ESaISA_EE14_M_create_nodeIJRKSA_EEEPSt13_Rb_tree_nodeISA_EDpOT_
FN:648,_ZNSt8_Rb_treeINSt7__cxx1112basic_stringIcSt11char_traitsIcESaIcEEESt4pairIKS5_N6Entity6ColumnEESt10_Select1stISA_ESt4lessIS5_ESaISA_EE15_M_destroy_nodeEPSt13_Rb_tree_nodeISA_E
FN:656,_ZNSt8_Rb_treeINSt7__cxx1112basic_stringIcSt11char_traitsIcESaIcEEESt4pairIKS5_N6Entity6ColumnEESt10_Select1stISA_ESt4lessIS5_ESaISA_EE12_M_drop_nodeEPSt13_Rb_tree_nodeISA_E
FN:677,_ZNSt8_Rb_treeINSt7__cxx1112basic_stringIcSt11char_traitsIcESaIcEEESt4pairIKS5_N6Entity6ColumnEESt10_Select1stISA_ESt4lessIS5_ESaISA_EE13_Rb_tree_implISE_Lb1EED2Ev
FN:702,_ZNSt8_Rb_treeINSt7__cxx1112basic_stringIcSt11char_traitsIcESaIcEEESt4pairIKS5_N6Entity6ColumnEESt10_Select1stISA_ESt4lessIS5_ESaISA_EE13_Rb_tree_implISE_Lb1EEC2ERKSE_OSaISt13_Rb_tree_nodeISA_EE
FN:720,_ZNSt8_Rb_treeINSt7__cxx1112basic_stringIcSt11char_traitsIcESaIcEEESt4pairIKS5_N6Entity6ColumnEESt10_Select1stISA_ESt4lessIS5_ESaISA_EE11_M_leftmostEv
FN:728,_ZNSt8_Rb_treeINSt7__cxx1112basic_stringIcSt11char_traitsIcESaIcEEESt4pairIKS5_N6Entity6ColumnEESt10_Select1stISA_ESt4lessIS5_ESaISA_EE12_M_rightmostEv
FN:736,_ZNSt8_Rb_treeINSt7__cxx1112basic_stringIcSt11char_traitsIcESaIcEEESt4pairIKS5_N6Entity6ColumnEESt10_Select1stISA_ESt4lessIS5_ESaISA_EE8_M_beginEv
FN:747,_ZNSt8_Rb_treeINSt7__cxx1112basic_stringIcSt11char_traitsIcESaIcEEESt4pairIKS5_N6Entity6ColumnEESt10_Select1stISA_ESt4lessIS5_ESaISA_EE6_M_endEv
FN:755,_ZNSt8_Rb_treeINSt7__cxx1112basic_stringIcSt11char_traitsIcESaIcEEESt4pairIKS5_N6Entity6ColumnEESt10_Select1stISA_ESt4lessIS5_ESaISA_EE8_S_valueEPKSt13_Rb_tree_nodeISA_E
FN:759,_ZNSt8_Rb_treeINSt7__cxx1112basic_stringIcSt11char_traitsIcESaIcEEESt4pairIKS5_N6Entity6ColumnEESt10_Select1stISA_ESt4lessIS5_ESaISA_EE6_S_keyEPKSt13_Rb_tree_nodeISA_E
FN:763,_ZNSt8_Rb_treeINSt7__cxx1112basic_stringIcSt11char_traitsIcESaIcEEESt4pairIKS5_N6Entity6ColumnEESt10_Select1stISA_ESt4lessIS5_ESaISA_EE7_S_leftEPSt18_Rb_tree_node_base
FN:771,_ZNSt8_Rb_treeINSt7__cxx1112basic_stringIcSt11char_traitsIcESaIcEEESt4pairIKS5_N6Entity6ColumnEESt10_Select1stISA_ESt4lessIS5_ESaISA_EE8_S_rightEPSt18_Rb_tree_node_base
FN:779,_ZNSt8_Rb_treeINSt7__cxx1112basic_stringIcSt11char_traitsIcESaIcEEESt4pairIKS5_N6Entity6ColumnEESt10_Select1stISA_ESt4lessIS5_ESaISA_EE8_S_valueEPKSt18_Rb_tree_node_base
FN:783,_ZNSt8_Rb_treeINSt7__cxx1112basic_stringIcSt11char_traitsIcESaIcEEESt4pairIKS5_N6Entity6ColumnEESt10_Select1stISA_ESt4lessIS5_ESaISA_EE6_S_keyEPKSt18_Rb_tree_node_base
FN:916,_ZNSt8_Rb_treeINSt7__cxx1112basic_stringIcSt11char_traitsIcESaIcEEESt4pairIKS5_N6Entity6ColumnEESt10_Select1stISA_ESt4lessIS5_ESaISA_EEC2ERKSE_RKSF_
FN:948,_ZNSt8_Rb_treeINSt7__cxx1112basic_stringIcSt11char_traitsIcESaIcEEESt4pairIKS5_N6Entity6ColumnEESt10_Select1stISA_ESt4lessIS5_ESaISA_EED2Ev
FN:960,_ZNSt8_Rb_treeINSt7__cxx1112basic_stringIcSt11char_traitsIcESaIcEEESt4pairIKS5_N6Entity6ColumnEESt10_Select1stISA_ESt4lessIS5_ESaISA_EE5beginEv
FN:968,_ZNSt8_Rb_treeINSt7__cxx1112basic_stringIcSt11char_traitsIcESaIcEEESt4pairIKS5_N6Entity6ColumnEESt10_Select1stISA_ESt4lessIS5_ESaISA_EE3endEv
FN:996,_ZNKSt8_Rb_treeINSt7__cxx1112basic_stringIcSt11char_traitsIcESaIcEEESt4pairIKS5_N6Entity6ColumnEESt10_Select1stISA_ESt4lessIS5_ESaISA_EE4sizeEv
FN:1740,_ZNSt8_Rb_treeINSt7__cxx1112basic_stringIcSt11char_traitsIcESaIcEEESt4pairIKS5_N6Entity6ColumnEESt10_Select1stISA_ESt4lessIS5_ESaISA_EE10_M_insert_IRKSA_NSG_11_Alloc_nodeEEESt17_Rb_tree_iteratorISA_EPSt18_Rb_tree_node_baseSO_OT_RT0_
FN:1850,_ZNSt8_Rb_treeINSt7__cxx1112basic_stringIcSt11char_traitsIcESaIcEEESt4pairIKS5_N6Entity6ColumnEESt10_Select1stISA_ESt4lessIS5_ESaISA_EE8_M_eraseEPSt13_Rb_tree_nodeISA_E
FN:2028,_ZNSt8_Rb_treeINSt7__cxx1112basic_stringIcSt11char_traitsIcESaIcEEESt4pairIKS5_N6Entity6ColumnEESt10_Select1stISA_ESt4lessIS5_ESaISA_EE24_M_get_insert_unique_posERS7_
FN:2130,_ZNSt8_Rb_treeINSt7__cxx1112basic_stringIcSt11char_traitsIcESaIcEEESt4pairIKS5_N6Entity6ColumnEESt10_Select1stISA_ESt4lessIS5_ESaISA_EE29_M_get_insert_hint_unique_posESt23_Rb_tree_const_iteratorISA_ERS7_
FN:2191,_ZNSt8_Rb_treeINSt7__cxx1112basic_stringIcSt11char_traitsIcESaIcEEESt4pairIKS5_N6Entity6ColumnEESt10_Select1stISA_ESt4lessIS5_ESaISA_EE17_M_insert_unique_IRKSA_NSG_11_Alloc_nodeEEESt17_Rb_tree_iteratorISA_ESt23_Rb_tree_const_iteratorISA_EOT_RT0_
FN:2447,_ZNSt8_Rb_treeINSt7__cxx1112basic_stringIcSt11char_traitsIcESaIcEEESt4pairIKS5_N6Entity6ColumnEESt10_Select1stISA_ESt4lessIS5_ESaISA_EE16_M_insert_uniqueIPKSA_EEvT_SK_
FNDA:0,_ZNSt20_Rb_tree_key_compareISt4lessINSt7__cxx1112basic_stringIcSt11char_traitsIcESaIcEEEEEC2ERKS7_
FNDA:0,_ZNSt15_Rb_tree_headerC2Ev
FNDA:0,_ZNSt15_Rb_tree_header8_M_resetEv
FNDA:0,_ZNSt13_Rb_tree_nodeISt4pairIKNSt7__cxx1112basic_stringIcSt11char_traitsIcESaIcEEEN6Entity6ColumnEEE9_M_valptrEv
FNDA:0,_ZNKSt13_Rb_tree_nodeISt4pairIKNSt7__cxx1112basic_stringIcSt11char_traitsIcESaIcEEEN6Entity6ColumnEEE9_M_valptrEv
FNDA:0,_ZNSt17_Rb_tree_iteratorISt4pairIKNSt7__cxx1112basic_stringIcSt11char_traitsIcESaIcEEEN6Entity6ColumnEEEC2EPSt18_Rb_tree_node_base
FNDA:0,_ZNSt17_Rb_tree_iteratorISt4pairIKNSt7__cxx1112basic_stringIcSt11char_traitsIcESaIcEEEN6Entity6ColumnEEEppEv
FNDA:0,_ZNSt17_Rb_tree_iteratorISt4pairIKNSt7__cxx1112basic_stringIcSt11char_traitsIcESaIcEEEN6Entity6ColumnEEEmmEv
FNDA:0,_ZNKSt17_Rb_tree_iteratorISt4pairIKNSt7__cxx1112basic_stringIcSt11char_traitsIcESaIcEEEN6Entity6ColumnEEEeqERKSB_
FNDA:0,_ZNSt23_Rb_tree_const_iteratorISt4pairIKNSt7__cxx1112basic_stringIcSt11char_traitsIcESaIcEEEN6Entity6ColumnEEEC2ERKSt17_Rb_tree_iteratorISA_E
FNDA:0,_ZNKSt23_Rb_tree_const_iteratorISt4pairIKNSt7__cxx1112basic_stringIcSt11char_traitsIcESaIcEEEN6Entity6ColumnEEE13_M_const_castEv
FNDA:0,_ZNSt8_Rb_treeINSt7__cxx1112basic_stringIcSt11char_traitsIcESaIcEEESt4pairIKS5_N6Entity6ColumnEESt10_Select1stISA_ESt4lessIS5_ESaISA_EE11_Alloc_nodeC2ERSG_
FNDA:0,_ZNKSt8_Rb_treeINSt7__cxx1112basic_stringIcSt11char_traitsIcESaIcEEESt4pairIKS5_N6Entity6ColumnEESt10_Select1stISA_ESt4lessIS5_ESaISA_EE11_Alloc_nodeclIRKSA_EEPSt13_Rb_tree_nodeISA_EOT_
FNDA:0,_ZNSt8_Rb_treeINSt7__cxx1112basic_stringIcSt11char_traitsIcESaIcEEESt4pairIKS5_N6Entity6ColumnEESt10_Select1stISA_ESt4lessIS5_ESaISA_EE21_M_get_Node_allocatorEv
FNDA:0,_ZNSt8_Rb_treeINSt7__cxx1112basic_stringIcSt11char_traitsIcESaIcEEESt4pairIKS5_N6Entity6ColumnEESt10_Select1stISA_ESt4lessIS5_ESaISA_EE11_M_get_nodeEv
FNDA:0,_ZNSt8_Rb_treeINSt7__cxx1112basic_stringIcSt11char_traitsIcESaIcEEESt4pairIKS5_N6Entity6ColumnEESt10_Select1stISA_ESt4lessIS5_ESaISA_EE11_M_put_nodeEPSt13_Rb_tree_nodeISA_E
FNDA:0,_ZNSt8_Rb_treeINSt7__cxx1112basic_stringIcSt11char_traitsIcESaIcEEESt4pairIKS5_N6Entity6ColumnEESt10_Select1stISA_ESt4lessIS5_ESaISA_EE17_M_construct_nodeIJRKSA_EEEvPSt13_Rb_tree_nodeISA_EDpOT_
FNDA:0,_ZNSt8_Rb_treeINSt7__cxx1112basic_stringIcSt11char_traitsIcESaIcEEESt4pairIKS5_N6Entity6ColumnEESt10_Select1stISA_ESt4lessIS5_ESaISA_EE14_M_create_nodeIJRKSA_EEEPSt13_Rb_tree_nodeISA_EDpOT_
FNDA:0,_ZNSt8_Rb_treeINSt7__cxx1112basic_stringIcSt11char_traitsIcESaIcEEESt4pairIKS5_N6Entity6ColumnEESt10_Select1stISA_ESt4lessIS5_ESaISA_EE15_M_destroy_nodeEPSt13_Rb_tree_nodeISA_E
FNDA:0,_ZNSt8_Rb_treeINSt7__cxx1112basic_stringIcSt11char_traitsIcESaIcEEESt4pairIKS5_N6Entity6ColumnEESt10_Select1stISA_ESt4lessIS5_ESaISA_EE12_M_drop_nodeEPSt13_Rb_tree_nodeISA_E
FNDA:0,_ZNSt8_Rb_treeINSt7__cxx1112basic_stringIcSt11char_traitsIcESaIcEEESt4pairIKS5_N6Entity6ColumnEESt10_Select1stISA_ESt4lessIS5_ESaISA_EE13_Rb_tree_implISE_Lb1EED2Ev
FNDA:0,_ZNSt8_Rb_treeINSt7__cxx1112basic_stringIcSt11char_traitsIcESaIcEEESt4pairIKS5_N6Entity6ColumnEESt10_Select1stISA_ESt4lessIS5_ESaISA_EE13_Rb_tree_implISE_Lb1EEC2ERKSE_OSaISt13_Rb_tree_nodeISA_EE
FNDA:0,_ZNSt8_Rb_treeINSt7__cxx1112basic_stringIcSt11char_traitsIcESaIcEEESt4pairIKS5_N6Entity6ColumnEESt10_Select1stISA_ESt4lessIS5_ESaISA_EE11_M_leftmostEv
FNDA:0,_ZNSt8_Rb_treeINSt7__cxx1112basic_stringIcSt11char_traitsIcESaIcEEESt4pairIKS5_N6Entity6ColumnEESt10_Select1stISA_ESt4lessIS5_ESaISA_EE12_M_rightmostEv
FNDA:0,_ZNSt8_Rb_treeINSt7__cxx1112basic_stringIcSt11char_traitsIcESaIcEEESt4pairIKS5_N6Entity6ColumnEESt10_Select1stISA_ESt4lessIS5_ESaISA_EE8_M_beginEv
FNDA:0,_ZNSt8_Rb_treeINSt7__cxx1112basic_stringIcSt11char_traitsIcESaIcEEESt4pairIKS5_N6Entity6ColumnEESt10_Select1stISA_ESt4lessIS5_ESaISA_EE6_M_endEv
FNDA:0,_ZNSt8_Rb_treeINSt7__cxx1112basic_stringIcSt11char_traitsIcESaIcEEESt4pairIKS5_N6Entity6ColumnEESt10_Select1stISA_ESt4lessIS5_ESaISA_EE8_S_valueEPKSt13_Rb_tree_nodeISA_E
FNDA:0,_ZNSt8_Rb_treeINSt7__cxx1112basic_stringIcSt11char_traitsIcESaIcEEESt4pairIKS5_N6Entity6ColumnEESt10_Select1stISA_ESt4lessIS5_ESaISA_EE6_S_keyEPKSt13_Rb_tree_nodeISA_E
FNDA:0,_ZNSt8_Rb_treeINSt7__cxx1112basic_stringIcSt11char_traitsIcESaIcEEESt4pairIKS5_N6Entity6ColumnEESt10_Select1stISA_ESt4lessIS5_ESaISA_EE7_S_leftEPSt18_Rb_tree_node_base
FNDA:0,_ZNSt8_Rb_treeINSt7__cxx1112basic_stringIcSt11char_traitsIcESaIcEEESt4pairIKS5_N6Entity6ColumnEESt10_Select1stISA_ESt4lessIS5_ESaISA_EE8_S_rightEPSt18_Rb_tree_node_base
FNDA:0,_ZNSt8_Rb_treeINSt7__cxx1112basic_stringIcSt11char_traitsIcESaIcEEESt4pairIKS5_N6Entity6ColumnEESt10_Select1stISA_ESt4lessIS5_ESaISA_EE8_S_valueEPKSt18_Rb_tree_node_base
FNDA:0,_ZNSt8_Rb_treeINSt7__cxx1112basic_stringIcSt11char_traitsIcESaIcEEESt4pairIKS5_N6Entity6ColumnEESt10_Select1stISA_ESt4lessIS5_ESaISA_EE6_S_keyEPKSt18_Rb_tree_node_base
FNDA:0,_ZNSt8_Rb_treeINSt7__cxx1112basic_stringIcSt11char_traitsIcESaIcEEESt4pairIKS5_N6Entity6ColumnEESt10_Select1stISA_ESt4lessIS5_ESaISA_EEC2ERKSE_RKSF_
FNDA:0,_ZNSt8_Rb_treeINSt7__cxx1112basic_stringIcSt11char_traitsIcESaIcEEESt4pairIKS5_N6Entity6ColumnEESt10_Select1stISA_ESt4lessIS5_ESaISA_EED2Ev
FNDA:0,_ZNSt8_Rb_treeINSt7__cxx1112basic_stringIcSt11char_traitsIcESaIcEEESt4pairIKS5_N6Entity6ColumnEESt10_Select1stISA_ESt4lessIS5_ESaISA_EE5beginEv
FNDA:0,_ZNSt8_Rb_treeINSt7__cxx1112basic_stringIcSt11char_traitsIcESaIcEEESt4pairIKS5_N6Entity6ColumnEESt10_Select1stISA_ESt4lessIS5_ESaISA_EE3endEv
FNDA:0,_ZNKSt8_Rb_treeINSt7__cxx1112basic_stringIcSt11char_traitsIcESaIcEEESt4pairIKS5_N6Entity6ColumnEESt10_Select1stISA_ESt4lessIS5_ESaISA_EE4sizeEv
FNDA:0,_ZNSt8_Rb_treeINSt7__cxx1112basic_stringIcSt11char_traitsIcESaIcEEESt4pairIKS5_N6Entity6ColumnEESt10_Select1stISA_ESt4lessIS5_ESaISA_EE10_M_insert_IRKSA_NSG_11_Alloc_nodeEEESt17_Rb_tree_iteratorISA_EPSt18_Rb_tree_node_baseSO_OT_RT0_
FNDA:0,_ZNSt8_Rb_treeINSt7__cxx1112basic_stringIcSt11char_traitsIcESaIcEEESt4pairIKS5_N6Entity6ColumnEESt10_Select1stISA_ESt4lessIS5_ESaISA_EE8_M_eraseEPSt13_Rb_tree_nodeISA_E
FNDA:0,_ZNSt8_Rb_treeINSt7__cxx1112basic_stringIcSt11char_traitsIcESaIcEEESt4pairIKS5_N6Entity6ColumnEESt10_Select1stISA_ESt4lessIS5_ESaISA_EE24_M_get_insert_unique_posERS7_
FNDA:0,_ZNSt8_Rb_treeINSt7__cxx1112basic_stringIcSt11char_traitsIcESaIcEEESt4pairIKS5_N6Entity6ColumnEESt10_Select1stISA_ESt4lessIS5_ESaISA_EE29_M_get_insert_hint_unique_posESt23_Rb_tree_const_iteratorISA_ERS7_
FNDA:0,_ZNSt8_Rb_treeINSt7__cxx1112basic_stringIcSt11char_traitsIcESaIcEEESt4pairIKS5_N6Entity6ColumnEESt10_Select1stISA_ESt4lessIS5_ESaISA_EE17_M_insert_unique_IRKSA_NSG_11_Alloc_nodeEEESt17_Rb_tree_iteratorISA_ESt23_Rb_tree_const_iteratorISA_EOT_RT0_
FNDA:0,_ZNSt8_Rb_treeINSt7__cxx1112basic_stringIcSt11char_traitsIcESaIcEEESt4pairIKS5_N6Entity6ColumnEESt10_Select1stISA_ESt4lessIS5_ESaISA_EE16_M_insert_uniqueIPKSA_EEvT_SK_
FNF:43
FNH:0
DA:152,0
DA:154,0
DA:173,0
DA:174,0
DA:175,0
DA:176,0
DA:177,0
DA:206,0
DA:208,0
DA:209,0
DA:210,0
DA:211,0
DA:212,0
DA:234,0
DA:235,0
DA:238,0
DA:239,0
DA:273,0
DA:274,0
DA:285,0
DA:287,0
DA:288,0
DA:300,0
DA:302,0
DA:303,0
DA:315,0
DA:316,0
DA:348,0
DA:349,0
DA:352,0
DA:353,0
DA:546,0
DA:547,0
DA:554,0
DA:556,0
DA:574,0
DA:575,0
DA:587,0
DA:588,0
DA:591,0
DA:592,0
DA:621,0
DA:625,0
DA:626,0
DA:630,0
DA:633,0
DA:634,0
DA:636,0
DA:640,0
DA:642,0
DA:643,0
DA:644,0
DA:648,0
DA:650,0
DA:652,0
DA:656,0
DA:658,0
DA:659,0
DA:660,0
DA:677,0
DA:702,0
DA:703,0
DA:704,0
DA:720,0
DA:721,0
DA:728,0
DA:729,0
DA:736,0
DA:737,0
DA:747,0
DA:748,0
DA:755,0
DA:756,0
DA:759,0
DA:760,0
DA:763,0
DA:764,0
DA:771,0
DA:772,0
DA:779,0
DA:780,0
DA:783,0
DA:784,0
DA:916,0
DA:918,0
DA:948,0
DA:949,0
DA:960,0
DA:961,0
DA:968,0
DA:969,0
DA:996,0
DA:997,0
DA:1740,0
DA:1749,0
DA:1750,0
DA:1753,0
DA:1755,0
DA:1757,0
DA:1758,0
DA:1850,0
DA:1854,0
DA:1856,0
DA:1857,0
DA:1858,0
DA:1859,0
DA:1861,0
DA:2028,0
DA:2032,0
DA:2033,0
DA:2034,0
DA:2035,0
DA:2037,0
DA:2038,0
DA:2039,0
DA:2041,0
DA:2042,0
DA:2044,0
DA:2045,0
DA:2047,0
DA:2049,0
DA:2050,0
DA:2051,0
DA:2130,0
DA:2134,0
DA:2138,0
DA:2140,0
DA:2141,0
DA:2142,0
DA:2144,0
DA:2146,0
DA:2149,0
DA:2150,0
DA:2151,0
DA:2152,0
DA:2154,0
DA:2155,0
DA:2157,0
DA:2160,0
DA:2162,0
DA:2165,0
DA:2166,0
DA:2167,0
DA:2168,0
DA:2170,0
DA:2171,0
DA:2173,0
DA:2176,0
DA:2180,0
DA:2191,0
DA:2200,0
DA:2201,0
DA:2203,0
DA:2204,0
DA:2206,0
DA:2207,0
DA:2447,0
DA:2450,0
DA:2451,0
DA:2452,0
DA:2453,0
LF:161
LH:0
end_of_record
SF:/usr/include/c++/7/ext/aligned_buffer.h
FN:62,_ZN9__gnu_cxx16__aligned_membufISt4pairIKNSt7__cxx1112basic_stringIcSt11char_traitsIcESaIcEEEN6Entity6ColumnEEE7_M_addrEv
FN:66,_ZNK9__gnu_cxx16__aligned_membufISt4pairIKNSt7__cxx1112basic_stringIcSt11char_traitsIcESaIcEEEN6Entity6ColumnEEE7_M_addrEv
FN:70,_ZN9__gnu_cxx16__aligned_membufISt4pairIKNSt7__cxx1112basic_stringIcSt11char_traitsIcESaIcEEEN6Entity6ColumnEEE6_M_ptrEv
FN:74,_ZNK9__gnu_cxx16__aligned_membufISt4pairIKNSt7__cxx1112basic_stringIcSt11char_traitsIcESaIcEEEN6Entity6ColumnEEE6_M_ptrEv
FNDA:0,_ZN9__gnu_cxx16__aligned_membufISt4pairIKNSt7__cxx1112basic_stringIcSt11char_traitsIcESaIcEEEN6Entity6ColumnEEE7_M_addrEv
FNDA:0,_ZNK9__gnu_cxx16__aligned_membufISt4pairIKNSt7__cxx1112basic_stringIcSt11char_traitsIcESaIcEEEN6Entity6ColumnEEE7_M_addrEv
FNDA:0,_ZN9__gnu_cxx16__aligned_membufISt4pairIKNSt7__cxx1112basic_stringIcSt11char_traitsIcESaIcEEEN6Entity6ColumnEEE6_M_ptrEv
FNDA:0,_ZNK9__gnu_cxx16__aligned_membufISt4pairIKNSt7__cxx1112basic_stringIcSt11char_traitsIcESaIcEEEN6Entity6ColumnEEE6_M_ptrEv
FNF:4
FNH:0
DA:62,0
DA:63,0
DA:66,0
DA:67,0
DA:70,0
DA:71,0
DA:74,0
DA:75,0
LF:8
LH:0
end_of_record
SF:/usr/include/c++/7/ext/new_allocator.h
FN:79,_ZN9__gnu_cxx13new_allocatorISt13_Rb_tree_nodeISt4pairIKNSt7__cxx1112basic_stringIcSt11char_traitsIcESaIcEEEN6Entity6ColumnEEEEC2Ev
FN:79,_ZN9__gnu_cxx13new_allocatorISt4pairIKNSt7__cxx1112basic_stringIcSt11char_traitsIcESaIcEEEN6Entity6ColumnEEEC2Ev
FN:81,_ZN9__gnu_cxx13new_allocatorISt13_Rb_tree_nodeISt4pairIKNSt7__cxx1112basic_stringIcSt11char_traitsIcESaIcEEEN6Entity6ColumnEEEEC2ERKSE_
FN:81,_ZN9__gnu_cxx13new_allocatorISt4pairIKNSt7__cxx1112basic_stringIcSt11char_traitsIcESaIcEEEN6Entity6ColumnEEEC2ERKSC_
FN:86,_ZN9__gnu_cxx13new_allocatorISt4pairIKNSt7__cxx1112basic_stringIcSt11char_traitsIcESaIcEEEN6Entity6ColumnEEED2Ev
FN:86,_ZN9__gnu_cxx13new_allocatorISt13_Rb_tree_nodeISt4pairIKNSt7__cxx1112basic_stringIcSt11char_traitsIcESaIcEEEN6Entity6ColumnEEEED2Ev
FN:99,_ZN9__gnu_cxx13new_allocatorISt13_Rb_tree_nodeISt4pairIKNSt7__cxx1112basic_stringIcSt11char_traitsIcESaIcEEEN6Entity6ColumnEEEE8allocateEmPKv
FN:116,_ZN9__gnu_cxx13new_allocatorISt13_Rb_tree_nodeISt4pairIKNSt7__cxx1112basic_stringIcSt11char_traitsIcESaIcEEEN6Entity6ColumnEEEE10deallocateEPSD_m
FN:129,_ZNK9__gnu_cxx13new_allocatorISt13_Rb_tree_nodeISt4pairIKNSt7__cxx1112basic_stringIcSt11char_traitsIcESaIcEEEN6Entity6ColumnEEEE8max_sizeEv
FN:135,_ZN9__gnu_cxx13new_allocatorISt13_Rb_tree_nodeISt4pairIKNSt7__cxx1112basic_stringIcSt11char_traitsIcESaIcEEEN6Entity6ColumnEEEE9constructISC_JRKSC_EEEvPT_DpOT0_
FN:140,_ZN9__gnu_cxx13new_allocatorISt13_Rb_tree_nodeISt4pairIKNSt7__cxx1112basic_stringIcSt11char_traitsIcESaIcEEEN6Entity6ColumnEEEE7destroyISC_EEvPT_
FNDA:0,_ZN9__gnu_cxx13new_allocatorISt13_Rb_tree_nodeISt4pairIKNSt7__cxx1112basic_stringIcSt11char_traitsIcESaIcEEEN6Entity6ColumnEEEEC2Ev
FNDA:0,_ZN9__gnu_cxx13new_allocatorISt4pairIKNSt7__cxx1112basic_stringIcSt11char_traitsIcESaIcEEEN6Entity6ColumnEEEC2Ev
FNDA:0,_ZN9__gnu_cxx13new_allocatorISt13_Rb_tree_nodeISt4pairIKNSt7__cxx1112basic_stringIcSt11char_traitsIcESaIcEEEN6Entity6ColumnEEEEC2ERKSE_
FNDA:0,_ZN9__gnu_cxx13new_allocatorISt4pairIKNSt7__cxx1112basic_stringIcSt11char_traitsIcESaIcEEEN6Entity6ColumnEEEC2ERKSC_
FNDA:0,_ZN9__gnu_cxx13new_allocatorISt13_Rb_tree_nodeISt4pairIKNSt7__cxx1112basic_stringIcSt11char_traitsIcESaIcEEEN6Entity6ColumnEEEED2Ev
FNDA:0,_ZN9__gnu_cxx13new_allocatorISt4pairIKNSt7__cxx1112basic_stringIcSt11char_traitsIcESaIcEEEN6Entity6ColumnEEED2Ev
FNDA:0,_ZN9__gnu_cxx13new_allocatorISt13_Rb_tree_nodeISt4pairIKNSt7__cxx1112basic_stringIcSt11char_traitsIcESaIcEEEN6Entity6ColumnEEEE8allocateEmPKv
FNDA:0,_ZN9__gnu_cxx13new_allocatorISt13_Rb_tree_nodeISt4pairIKNSt7__cxx1112basic_stringIcSt11char_traitsIcESaIcEEEN6Entity6ColumnEEEE10deallocateEPSD_m
FNDA:0,_ZNK9__gnu_cxx13new_allocatorISt13_Rb_tree_nodeISt4pairIKNSt7__cxx1112basic_stringIcSt11char_traitsIcESaIcEEEN6Entity6ColumnEEEE8max_sizeEv
FNDA:0,_ZN9__gnu_cxx13new_allocatorISt13_Rb_tree_nodeISt4pairIKNSt7__cxx1112basic_stringIcSt11char_traitsIcESaIcEEEN6Entity6ColumnEEEE9constructISC_JRKSC_EEEvPT_DpOT0_
FNDA:0,_ZN9__gnu_cxx13new_allocatorISt13_Rb_tree_nodeISt4pairIKNSt7__cxx1112basic_stringIcSt11char_traitsIcESaIcEEEN6Entity6ColumnEEEE7destroyISC_EEvPT_
FNF:11
FNH:0
DA:79,0
DA:81,0
DA:86,0
DA:99,0
DA:101,0
DA:102,0
DA:111,0
DA:116,0
DA:125,0
DA:126,0
DA:129,0
DA:130,0
DA:135,0
DA:136,0
DA:140,0
LF:15
LH:0
end_of_record
SF:/usr/include/c++/7/initializer_list
FN:71,_ZNKSt16initializer_listISt4pairIKNSt7__cxx1112basic_stringIcSt11char_traitsIcESaIcEEEN6Entity6ColumnEEE4sizeEv
FN:75,_ZNKSt16initializer_listISt4pairIKNSt7__cxx1112basic_stringIcSt11char_traitsIcESaIcEEEN6Entity6ColumnEEE5beginEv
FN:79,_ZNKSt16initializer_listISt4pairIKNSt7__cxx1112basic_stringIcSt11char_traitsIcESaIcEEEN6Entity6ColumnEEE3endEv
FNDA:0,_ZNKSt16initializer_listISt4pairIKNSt7__cxx1112basic_stringIcSt11char_traitsIcESaIcEEEN6Entity6ColumnEEE4sizeEv
FNDA:0,_ZNKSt16initializer_listISt4pairIKNSt7__cxx1112basic_stringIcSt11char_traitsIcESaIcEEEN6Entity6ColumnEEE5beginEv
FNDA:0,_ZNKSt16initializer_listISt4pairIKNSt7__cxx1112basic_stringIcSt11char_traitsIcESaIcEEEN6Entity6ColumnEEE3endEv
FNF:3
FNH:0
DA:71,0
DA:75,0
DA:79,0
LF:3
LH:0
end_of_record
SF:/usr/include/c++/7/new
FN:168,_ZnwmPv
FN:174,_ZdlPvS_
FNDA:0,_ZnwmPv
FNDA:0,_ZdlPvS_
FNF:2
FNH:0
DA:168,0
DA:169,0
DA:174,0
LF:3
LH:0
end_of_record
SF:/home/xronia/workspace/PBase/Entity/NameMaster.cc
FN:15,_ZN6Entity10NameMasterC2Ev
FN:19,_ZN6Entity10NameMasterC2ERKNSt7__cxx1112basic_stringIcSt11char_traitsIcESaIcEEE
FN:23,_ZN6Entity10NameMasterD2Ev
FN:33,_GLOBAL__sub_I_NameMaster.cc
FN:33,_Z41__static_initialization_and_destruction_0ii
FNDA:32,_ZN6Entity10NameMasterC2Ev
FNDA:62,_ZN6Entity10NameMasterC2ERKNSt7__cxx1112basic_stringIcSt11char_traitsIcESaIcEEE
FNDA:94,_ZN6Entity10NameMasterD2Ev
FNDA:33,_GLOBAL__sub_I_NameMaster.cc
FNDA:33,_Z41__static_initialization_and_destruction_0ii
FNF:5
FNH:5
DA:13,33
DA:15,32
DA:17,32
DA:19,62
DA:21,62
DA:23,94
DA:25,94
DA:27,33
DA:29,33
DA:33,99
LF:10
LH:10
end_of_record
TN:
SF:/home/xronia/workspace/PBase/Entity/EntityDef.h
FN:59,_ZN6Entity9EntityDefC2ERKS0_
FNDA:4,_ZN6Entity9EntityDefC2ERKS0_
FNF:1
FNH:1
DA:59,4
LF:1
LH:1
end_of_record
SF:/usr/include/c++/7/bits/alloc_traits.h
FN:435,_ZNSt16allocator_traitsISaISt13_Rb_tree_nodeISt4pairIKNSt7__cxx1112basic_stringIcSt11char_traitsIcESaIcEEEN6Entity6ColumnEEEEE8allocateERSD_m
FN:435,_ZNSt16allocator_traitsISaISt13_Rb_tree_nodeISt4pairIKNSt7__cxx1112basic_stringIcSt11char_traitsIcESaIcEEEN6Entity9EntityDefEEEEE8allocateERSD_m
FN:461,_ZNSt16allocator_traitsISaISt13_Rb_tree_nodeISt4pairIKNSt7__cxx1112basic_stringIcSt11char_traitsIcESaIcEEEN6Entity9EntityDefEEEEE10deallocateERSD_PSC_m
FN:461,_ZNSt16allocator_traitsISaISt13_Rb_tree_nodeISt4pairIKNSt7__cxx1112basic_stringIcSt11char_traitsIcESaIcEEEN6Entity6ColumnEEEEE10deallocateERSD_PSC_m
FN:474,_ZNSt16allocator_traitsISaISt13_Rb_tree_nodeISt4pairIKNSt7__cxx1112basic_stringIcSt11char_traitsIcESaIcEEEN6Entity9EntityDefEEEEE9constructISB_JRS8_RKSA_EEEvRSD_PT_DpOT0_
FN:474,_ZNSt16allocator_traitsISaISt13_Rb_tree_nodeISt4pairIKNSt7__cxx1112basic_stringIcSt11char_traitsIcESaIcEEEN6Entity6ColumnEEEEE9constructISB_JRKSB_EEEvRSD_PT_DpOT0_
FN:486,_ZNSt16allocator_traitsISaISt13_Rb_tree_nodeISt4pairIKNSt7__cxx1112basic_stringIcSt11char_traitsIcESaIcEEEN6Entity9EntityDefEEEEE7destroyISB_EEvRSD_PT_
FN:486,_ZNSt16allocator_traitsISaISt13_Rb_tree_nodeISt4pairIKNSt7__cxx1112basic_stringIcSt11char_traitsIcESaIcEEEN6Entity6ColumnEEEEE7destroyISB_EEvRSD_PT_
FN:504,_ZNSt16allocator_traitsISaISt13_Rb_tree_nodeISt4pairIKNSt7__cxx1112basic_stringIcSt11char_traitsIcESaIcEEEN6Entity6ColumnEEEEE37select_on_container_copy_constructionERKSD_
FNDA:105,_ZNSt16allocator_traitsISaISt13_Rb_tree_nodeISt4pairIKNSt7__cxx1112basic_stringIcSt11char_traitsIcESaIcEEEN6Entity6ColumnEEEEE8allocateERSD_m
FNDA:164,_ZNSt16allocator_traitsISaISt13_Rb_tree_nodeISt4pairIKNSt7__cxx1112basic_stringIcSt11char_traitsIcESaIcEEEN6Entity9EntityDefEEEEE8allocateERSD_m
FNDA:105,_ZNSt16allocator_traitsISaISt13_Rb_tree_nodeISt4pairIKNSt7__cxx1112basic_stringIcSt11char_traitsIcESaIcEEEN6Entity6ColumnEEEEE10deallocateERSD_PSC_m
FNDA:164,_ZNSt16allocator_traitsISaISt13_Rb_tree_nodeISt4pairIKNSt7__cxx1112basic_stringIcSt11char_traitsIcESaIcEEEN6Entity9EntityDefEEEEE10deallocateERSD_PSC_m
FNDA:105,_ZNSt16allocator_traitsISaISt13_Rb_tree_nodeISt4pairIKNSt7__cxx1112basic_stringIcSt11char_traitsIcESaIcEEEN6Entity6ColumnEEEEE9constructISB_JRKSB_EEEvRSD_PT_DpOT0_
FNDA:164,_ZNSt16allocator_traitsISaISt13_Rb_tree_nodeISt4pairIKNSt7__cxx1112basic_stringIcSt11char_traitsIcESaIcEEEN6Entity9EntityDefEEEEE9constructISB_JRS8_RKSA_EEEvRSD_PT_DpOT0_
FNDA:105,_ZNSt16allocator_traitsISaISt13_Rb_tree_nodeISt4pairIKNSt7__cxx1112basic_stringIcSt11char_traitsIcESaIcEEEN6Entity6ColumnEEEEE7destroyISB_EEvRSD_PT_
FNDA:164,_ZNSt16allocator_traitsISaISt13_Rb_tree_nodeISt4pairIKNSt7__cxx1112basic_stringIcSt11char_traitsIcESaIcEEEN6Entity9EntityDefEEEEE7destroyISB_EEvRSD_PT_
FNDA:8,_ZNSt16allocator_traitsISaISt13_Rb_tree_nodeISt4pairIKNSt7__cxx1112basic_stringIcSt11char_traitsIcESaIcEEEN6Entity6ColumnEEEEE37select_on_container_copy_constructionERKSD_
FNF:9
FNH:9
DA:435,269
DA:436,269
DA:461,269
DA:462,269
DA:474,269
DA:475,269
DA:486,269
DA:487,269
DA:504,8
DA:505,8
LF:10
LH:10
end_of_record
SF:/usr/include/c++/7/bits/allocator.h
FN:131,_ZNSaISt13_Rb_tree_nodeISt4pairIKNSt7__cxx1112basic_stringIcSt11char_traitsIcESaIcEEEN6Entity9EntityDefEEEEC2Ev
FN:133,_ZNSaISt13_Rb_tree_nodeISt4pairIKNSt7__cxx1112basic_stringIcSt11char_traitsIcESaIcEEEN6Entity6ColumnEEEEC2ERKSC_
FN:139,_ZNSaISt13_Rb_tree_nodeISt4pairIKNSt7__cxx1112basic_stringIcSt11char_traitsIcESaIcEEEN6Entity6ColumnEEEED2Ev
FN:139,_ZNSaISt13_Rb_tree_nodeISt4pairIKNSt7__cxx1112basic_stringIcSt11char_traitsIcESaIcEEEN6Entity9EntityDefEEEED2Ev
FNDA:33,_ZNSaISt13_Rb_tree_nodeISt4pairIKNSt7__cxx1112basic_stringIcSt11char_traitsIcESaIcEEEN6Entity9EntityDefEEEEC2Ev
FNDA:12,_ZNSaISt13_Rb_tree_nodeISt4pairIKNSt7__cxx1112basic_stringIcSt11char_traitsIcESaIcEEEN6Entity6ColumnEEEEC2ERKSC_
FNDA:16,_ZNSaISt13_Rb_tree_nodeISt4pairIKNSt7__cxx1112basic_stringIcSt11char_traitsIcESaIcEEEN6Entity6ColumnEEEED2Ev
FNDA:33,_ZNSaISt13_Rb_tree_nodeISt4pairIKNSt7__cxx1112basic_stringIcSt11char_traitsIcESaIcEEEN6Entity9EntityDefEEEED2Ev
FNF:4
FNH:4
DA:131,33
DA:133,12
DA:134,12
DA:139,49
LF:4
LH:4
end_of_record
SF:/usr/include/c++/7/bits/basic_string.h
FN:6082,_ZStltIcSt11char_traitsIcESaIcEEbRKNSt7__cxx1112basic_stringIT_T0_T1_EESA_
FNDA:0,_ZStltIcSt11char_traitsIcESaIcEEbRKNSt7__cxx1112basic_stringIT_T0_T1_EESA_
FNF:1
FNH:0
DA:6082,0
DA:6085,0
LF:2
LH:0
end_of_record
SF:/usr/include/c++/7/bits/ios_base.h
FN:129,_ZStorSt13_Ios_OpenmodeS_
FNDA:0,_ZStorSt13_Ios_OpenmodeS_
FNF:1
FNH:0
DA:129,0
DA:130,0
LF:2
LH:0
end_of_record
SF:/usr/include/c++/7/bits/move.h
FN:73,_ZSt7forwardIRKN6Entity9EntityDefEEOT_RNSt16remove_referenceIS4_E4typeE
FN:73,_ZSt7forwardIRKNSt7__cxx1112basic_stringIcSt11char_traitsIcESaIcEEEEOT_RNSt16remove_referenceIS8_E4typeE
FN:73,_ZSt7forwardIbEOT_RNSt16remove_referenceIS0_E4typeE
FN:73,_ZSt7forwardIRKSt4pairIKNSt7__cxx1112basic_stringIcSt11char_traitsIcESaIcEEEN6Entity6ColumnEEEOT_RNSt16remove_referenceISD_E4typeE
FN:73,_ZSt7forwardIRPSt18_Rb_tree_node_baseEOT_RNSt16remove_referenceIS3_E4typeE
FN:73,_ZSt7forwardIRPSt13_Rb_tree_nodeISt4pairIKNSt7__cxx1112basic_stringIcSt11char_traitsIcESaIcEEEN6Entity9EntityDefEEEEOT_RNSt16remove_referenceISF_E4typeE
FN:73,_ZSt7forwardISt17_Rb_tree_iteratorISt4pairIKNSt7__cxx1112basic_stringIcSt11char_traitsIcESaIcEEEN6Entity9EntityDefEEEEOT_RNSt16remove_referenceISD_E4typeE
FNDA:595,_ZSt7forwardIRKSt4pairIKNSt7__cxx1112basic_stringIcSt11char_traitsIcESaIcEEEN6Entity6ColumnEEEOT_RNSt16remove_referenceISD_E4typeE
FNDA:40,_ZSt7forwardIbEOT_RNSt16remove_referenceIS0_E4typeE
FNDA:164,_ZSt7forwardISt17_Rb_tree_iteratorISt4pairIKNSt7__cxx1112basic_stringIcSt11char_traitsIcESaIcEEEN6Entity9EntityDefEEEEOT_RNSt16remove_referenceISD_E4typeE
FNDA:0,_ZSt7forwardIRPSt18_Rb_tree_node_baseEOT_RNSt16remove_referenceIS3_E4typeE
FNDA:164,_ZSt7forwardIRPSt13_Rb_tree_nodeISt4pairIKNSt7__cxx1112basic_stringIcSt11char_traitsIcESaIcEEEN6Entity9EntityDefEEEEOT_RNSt16remove_referenceISF_E4typeE
FNDA:984,_ZSt7forwardIRKN6Entity9EntityDefEEOT_RNSt16remove_referenceIS4_E4typeE
FNDA:0,_ZSt7forwardIRKNSt7__cxx1112basic_stringIcSt11char_traitsIcESaIcEEEEOT_RNSt16remove_referenceIS8_E4typeE
FNF:7
FNH:5
DA:73,1947
DA:74,1947
LF:2
LH:2
end_of_record
SF:/usr/include/c++/7/bits/stl_function.h
FN:385,_ZNKSt4lessINSt7__cxx1112basic_stringIcSt11char_traitsIcESaIcEEEEclERKS5_S8_
FN:890,_ZNKSt10_Select1stISt4pairIKNSt7__cxx1112basic_stringIcSt11char_traitsIcESaIcEEEN6Entity9EntityDefEEEclERKSA_
FNDA:0,_ZNKSt4lessINSt7__cxx1112basic_stringIcSt11char_traitsIcESaIcEEEEclERKS5_S8_
FNDA:3950,_ZNKSt10_Select1stISt4pairIKNSt7__cxx1112basic_stringIcSt11char_traitsIcESaIcEEEN6Entity9EntityDefEEEclERKSA_
FNF:2
FNH:1
DA:385,0
DA:386,0
DA:890,3950
DA:891,3950
LF:4
LH:2
end_of_record
SF:/usr/include/c++/7/bits/stl_map.h
FN:177,_ZNSt3mapINSt7__cxx1112basic_stringIcSt11char_traitsIcESaIcEEEN6Entity9EntityDefESt4lessIS5_ESaISt4pairIKS5_S7_EEEC2Ev
FN:199,_ZNSt3mapINSt7__cxx1112basic_stringIcSt11char_traitsIcESaIcEEEN6Entity6ColumnESt4lessIS5_ESaISt4pairIKS5_S7_EEEC2ERKSE_
FN:294,_ZNSt3mapINSt7__cxx1112basic_stringIcSt11char_traitsIcESaIcEEEN6Entity9EntityDefESt4lessIS5_ESaISt4pairIKS5_S7_EEED2Ev
FN:348,_ZNSt3mapINSt7__cxx1112basic_stringIcSt11char_traitsIcESaIcEEEN6Entity9EntityDefESt4lessIS5_ESaISt4pairIKS5_S7_EEE5beginEv
FN:366,_ZNSt3mapINSt7__cxx1112basic_stringIcSt11char_traitsIcESaIcEEEN6Entity9EntityDefESt4lessIS5_ESaISt4pairIKS5_S7_EEE3endEv
FN:568,_ZNSt3mapINSt7__cxx1112basic_stringIcSt11char_traitsIcESaIcEEEN6Entity9EntityDefESt4lessIS5_ESaISt4pairIKS5_S7_EEE7emplaceIJRSB_RKS7_EEESA_ISt17_Rb_tree_iteratorISC_EbEDpOT_
FN:1127,_ZNSt3mapINSt7__cxx1112basic_stringIcSt11char_traitsIcESaIcEEEN6Entity9EntityDefESt4lessIS5_ESaISt4pairIKS5_S7_EEE5clearEv
FN:1163,_ZNSt3mapINSt7__cxx1112basic_stringIcSt11char_traitsIcESaIcEEEN6Entity9EntityDefESt4lessIS5_ESaISt4pairIKS5_S7_EEE4findERSB_
FNDA:33,_ZNSt3mapINSt7__cxx1112basic_stringIcSt11char_traitsIcESaIcEEEN6Entity9EntityDefESt4lessIS5_ESaISt4pairIKS5_S7_EEEC2Ev
FNDA:8,_ZNSt3mapINSt7__cxx1112basic_stringIcSt11char_traitsIcESaIcEEEN6Entity6ColumnESt4lessIS5_ESaISt4pairIKS5_S7_EEEC2ERKSE_
FNDA:33,_ZNSt3mapINSt7__cxx1112basic_stringIcSt11char_traitsIcESaIcEEEN6Entity9EntityDefESt4lessIS5_ESaISt4pairIKS5_S7_EEED2Ev
FNDA:32,_ZNSt3mapINSt7__cxx1112basic_stringIcSt11char_traitsIcESaIcEEEN6Entity9EntityDefESt4lessIS5_ESaISt4pairIKS5_S7_EEE5beginEv
FNDA:1032,_ZNSt3mapINSt7__cxx1112basic_stringIcSt11char_traitsIcESaIcEEEN6Entity9EntityDefESt4lessIS5_ESaISt4pairIKS5_S7_EEE3endEv
FNDA:164,_ZNSt3mapINSt7__cxx1112basic_stringIcSt11char_traitsIcESaIcEEEN6Entity9EntityDefESt4lessIS5_ESaISt4pairIKS5_S7_EEE7emplaceIJRSB_RKS7_EEESA_ISt17_Rb_tree_iteratorISC_EbEDpOT_
FNDA:32,_ZNSt3mapINSt7__cxx1112basic_stringIcSt11char_traitsIcESaIcEEEN6Entity9EntityDefESt4lessIS5_ESaISt4pairIKS5_S7_EEE5clearEv
FNDA:840,_ZNSt3mapINSt7__cxx1112basic_stringIcSt11char_traitsIcESaIcEEEN6Entity9EntityDefESt4lessIS5_ESaISt4pairIKS5_S7_EEE4findERSB_
FNF:8
FNH:8
DA:177,33
DA:199,8
DA:294,33
DA:348,32
DA:349,32
DA:366,1032
DA:367,1032
DA:568,164
DA:569,164
DA:1127,32
DA:1128,32
DA:1163,840
DA:1164,840
LF:13
LH:13
end_of_record
SF:/usr/include/c++/7/bits/stl_pair.h
FN:198,_ZNSt4pairIKNSt7__cxx1112basic_stringIcSt11char_traitsIcESaIcEEEN6Entity6ColumnEED2Ev
FN:198,_ZNSt4pairIKNSt7__cxx1112basic_stringIcSt11char_traitsIcESaIcEEEN6Entity9EntityDefEED2Ev
FN:249,_ZNSt4pairIKNSt7__cxx1112basic_stringIcSt11char_traitsIcESaIcEEEN6Entity9EntityDefEEC2IS6_S8_Lb1EEERS6_RKS8_
FN:292,_ZNSt4pairIKNSt7__cxx1112basic_stringIcSt11char_traitsIcESaIcEEEN6Entity6ColumnEEC2ERKS9_
FN:300,_ZNSt4pairIPSt18_Rb_tree_node_baseS1_EC2IRS1_Lb1EEEOT_RKS1_
FN:330,_ZNSt4pairIPSt18_Rb_tree_node_baseS1_EC2IRPSt13_Rb_tree_nodeIS_IKNSt7__cxx1112basic_stringIcSt11char_traitsIcESaIcEEEN6Entity9EntityDefEEERS1_Lb1EEEOT_OT0_
FN:330,_ZNSt4pairISt17_Rb_tree_iteratorIS_IKNSt7__cxx1112basic_stringIcSt11char_traitsIcESaIcEEEN6Entity9EntityDefEEEbEC2ISB_bLb1EEEOT_OT0_
FNDA:140,_ZNSt4pairIKNSt7__cxx1112basic_stringIcSt11char_traitsIcESaIcEEEN6Entity6ColumnEED2Ev
FNDA:164,_ZNSt4pairIKNSt7__cxx1112basic_stringIcSt11char_traitsIcESaIcEEEN6Entity9EntityDefEED2Ev
FNDA:164,_ZNSt4pairIKNSt7__cxx1112basic_stringIcSt11char_traitsIcESaIcEEEN6Entity9EntityDefEEC2IS6_S8_Lb1EEERS6_RKS8_
FNDA:105,_ZNSt4pairIKNSt7__cxx1112basic_stringIcSt11char_traitsIcESaIcEEEN6Entity6ColumnEEC2ERKS9_
FNDA:0,_ZNSt4pairIPSt18_Rb_tree_node_baseS1_EC2IRS1_Lb1EEEOT_RKS1_
FNDA:164,_ZNSt4pairISt17_Rb_tree_iteratorIS_IKNSt7__cxx1112basic_stringIcSt11char_traitsIcESaIcEEEN6Entity9EntityDefEEEbEC2ISB_bLb1EEEOT_OT0_
FNDA:164,_ZNSt4pairIPSt18_Rb_tree_node_baseS1_EC2IRPSt13_Rb_tree_nodeIS_IKNSt7__cxx1112basic_stringIcSt11char_traitsIcESaIcEEEN6Entity9EntityDefEEERS1_Lb1EEEOT_OT0_
FNF:7
FNH:6
DA:198,304
DA:249,164
DA:250,164
DA:292,105
DA:300,0
DA:301,0
DA:330,328
DA:331,328
LF:8
LH:6
end_of_record
SF:/usr/include/c++/7/bits/stl_tree.h
FN:112,_ZNSt18_Rb_tree_node_base10_S_minimumEPS_
FN:126,_ZNSt18_Rb_tree_node_base10_S_maximumEPS_
FN:146,_ZNSt20_Rb_tree_key_compareISt4lessINSt7__cxx1112basic_stringIcSt11char_traitsIcESaIcEEEEEC2Ev
FN:152,_ZNSt20_Rb_tree_key_compareISt4lessINSt7__cxx1112basic_stringIcSt11char_traitsIcESaIcEEEEEC2ERKS7_
FN:173,_ZNSt15_Rb_tree_headerC2Ev
FN:206,_ZNSt15_Rb_tree_header8_M_resetEv
FN:234,_ZNSt13_Rb_tree_nodeISt4pairIKNSt7__cxx1112basic_stringIcSt11char_traitsIcESaIcEEEN6Entity9EntityDefEEE9_M_valptrEv
FN:234,_ZNSt13_Rb_tree_nodeISt4pairIKNSt7__cxx1112basic_stringIcSt11char_traitsIcESaIcEEEN6Entity6ColumnEEE9_M_valptrEv
FN:238,_ZNKSt13_Rb_tree_nodeISt4pairIKNSt7__cxx1112basic_stringIcSt11char_traitsIcESaIcEEEN6Entity6ColumnEEE9_M_valptrEv
FN:238,_ZNKSt13_Rb_tree_nodeISt4pairIKNSt7__cxx1112basic_stringIcSt11char_traitsIcESaIcEEEN6Entity9EntityDefEEE9_M_valptrEv
FN:273,_ZNSt17_Rb_tree_iteratorISt4pairIKNSt7__cxx1112basic_stringIcSt11char_traitsIcESaIcEEEN6Entity9EntityDefEEEC2EPSt18_Rb_tree_node_base
FN:281,_ZNKSt17_Rb_tree_iteratorISt4pairIKNSt7__cxx1112basic_stringIcSt11char_traitsIcESaIcEEEN6Entity9EntityDefEEEptEv
FN:292,_ZNSt17_Rb_tree_iteratorISt4pairIKNSt7__cxx1112basic_stringIcSt11char_traitsIcESaIcEEEN6Entity9EntityDefEEEppEi
FN:300,_ZNSt17_Rb_tree_iteratorISt4pairIKNSt7__cxx1112basic_stringIcSt11char_traitsIcESaIcEEEN6Entity9EntityDefEEEmmEv
FN:315,_ZNKSt17_Rb_tree_iteratorISt4pairIKNSt7__cxx1112basic_stringIcSt11char_traitsIcESaIcEEEN6Entity9EntityDefEEEeqERKSB_
FN:319,_ZNKSt17_Rb_tree_iteratorISt4pairIKNSt7__cxx1112basic_stringIcSt11char_traitsIcESaIcEEEN6Entity9EntityDefEEEneERKSB_
FN:546,_ZNSt8_Rb_treeINSt7__cxx1112basic_stringIcSt11char_traitsIcESaIcEEESt4pairIKS5_N6Entity6ColumnEESt10_Select1stISA_ESt4lessIS5_ESaISA_EE11_Alloc_nodeC2ERSG_
FN:554,_ZNKSt8_Rb_treeINSt7__cxx1112basic_stringIcSt11char_traitsIcESaIcEEESt4pairIKS5_N6Entity6ColumnEESt10_Select1stISA_ESt4lessIS5_ESaISA_EE11_Alloc_nodeclIRKSA_EEPSt13_Rb_tree_nodeISA_EOT_
FN:574,_ZNSt8_Rb_treeINSt7__cxx1112basic_stringIcSt11char_traitsIcESaIcEEESt4pairIKS5_N6Entity9EntityDefEESt10_Select1stISA_ESt4lessIS5_ESaISA_EE21_M_get_Node_allocatorEv
FN:574,_ZNSt8_Rb_treeINSt7__cxx1112basic_stringIcSt11char_traitsIcESaIcEEESt4pairIKS5_N6Entity6ColumnEESt10_Select1stISA_ESt4lessIS5_ESaISA_EE21_M_get_Node_allocatorEv
FN:587,_ZNSt8_Rb_treeINSt7__cxx1112basic_stringIcSt11char_traitsIcESaIcEEESt4pairIKS5_N6Entity9EntityDefEESt10_Select1stISA_ESt4lessIS5_ESaISA_EE11_M_get_nodeEv
FN:587,_ZNSt8_Rb_treeINSt7__cxx1112basic_stringIcSt11char_traitsIcESaIcEEESt4pairIKS5_N6Entity6ColumnEESt10_Select1stISA_ESt4lessIS5_ESaISA_EE11_M_get_nodeEv
FN:591,_ZNSt8_Rb_treeINSt7__cxx1112basic_stringIcSt11char_traitsIcESaIcEEESt4pairIKS5_N6Entity9EntityDefEESt10_Select1stISA_ESt4lessIS5_ESaISA_EE11_M_put_nodeEPSt13_Rb_tree_nodeISA_E
FN:591,_ZNSt8_Rb_treeINSt7__cxx1112basic_stringIcSt11char_traitsIcESaIcEEESt4pairIKS5_N6Entity6ColumnEESt10_Select1stISA_ESt4lessIS5_ESaISA_EE11_M_put_nodeEPSt13_Rb_tree_nodeISA_E
FN:621,_ZNSt8_Rb_treeINSt7__cxx1112basic_stringIcSt11char_traitsIcESaIcEEESt4pairIKS5_N6Entity9EntityDefEESt10_Select1stISA_ESt4lessIS5_ESaISA_EE17_M_construct_nodeIJRS7_RKS9_EEEvPSt13_Rb_tree_nodeISA_EDpOT_
FN:621,_ZNSt8_Rb_treeINSt7__cxx1112basic_stringIcSt11char_traitsIcESaIcEEESt4pairIKS5_N6Entity6ColumnEESt10_Select1stISA_ESt4lessIS5_ESaISA_EE17_M_construct_nodeIJRKSA_EEEvPSt13_Rb_tree_nodeISA_EDpOT_
FN:640,_ZNSt8_Rb_treeINSt7__cxx1112basic_stringIcSt11char_traitsIcESaIcEEESt4pairIKS5_N6Entity6ColumnEESt10_Select1stISA_ESt4lessIS5_ESaISA_EE14_M_create_nodeIJRKSA_EEEPSt13_Rb_tree_nodeISA_EDpOT_
FN:640,_ZNSt8_Rb_treeINSt7__cxx1112basic_stringIcSt11char_traitsIcESaIcEEESt4pairIKS5_N6Entity9EntityDefEESt10_Select1stISA_ESt4lessIS5_ESaISA_EE14_M_create_nodeIJRS7_RKS9_EEEPSt13_Rb_tree_nodeISA_EDpOT_
FN:648,_ZNSt8_Rb_treeINSt7__cxx1112basic_stringIcSt11char_traitsIcESaIcEEESt4pairIKS5_N6Entity6ColumnEESt10_Select1stISA_ESt4lessIS5_ESaISA_EE15_M_destroy_nodeEPSt13_Rb_tree_nodeISA_E
FN:648,_ZNSt8_Rb_treeINSt7__cxx1112basic_stringIcSt11char_traitsIcESaIcEEESt4pairIKS5_N6Entity9EntityDefEESt10_Select1stISA_ESt4lessIS5_ESaISA_EE15_M_destroy_nodeEPSt13_Rb_tree_nodeISA_E
FN:656,_ZNSt8_Rb_treeINSt7__cxx1112basic_stringIcSt11char_traitsIcESaIcEEESt4pairIKS5_N6Entity6ColumnEESt10_Select1stISA_ESt4lessIS5_ESaISA_EE12_M_drop_nodeEPSt13_Rb_tree_nodeISA_E
FN:656,_ZNSt8_Rb_treeINSt7__cxx1112basic_stringIcSt11char_traitsIcESaIcEEESt4pairIKS5_N6Entity9EntityDefEESt10_Select1stISA_ESt4lessIS5_ESaISA_EE12_M_drop_nodeEPSt13_Rb_tree_nodeISA_E
FN:664,_ZNSt8_Rb_treeINSt7__cxx1112basic_stringIcSt11char_traitsIcESaIcEEESt4pairIKS5_N6Entity6ColumnEESt10_Select1stISA_ESt4lessIS5_ESaISA_EE13_M_clone_nodeINSG_11_Alloc_nodeEEEPSt13_Rb_tree_nodeISA_EPKSK_RT_
FN:677,_ZNSt8_Rb_treeINSt7__cxx1112basic_stringIcSt11char_traitsIcESaIcEEESt4pairIKS5_N6Entity9EntityDefEESt10_Select1stISA_ESt4lessIS5_ESaISA_EE13_Rb_tree_implISE_Lb1EED2Ev
FN:677,_ZNSt8_Rb_treeINSt7__cxx1112basic_stringIcSt11char_traitsIcESaIcEEESt4pairIKS5_N6Entity6ColumnEESt10_Select1stISA_ESt4lessIS5_ESaISA_EE13_Rb_tree_implISE_Lb1EED2Ev
FN:688,_ZNSt8_Rb_treeINSt7__cxx1112basic_stringIcSt11char_traitsIcESaIcEEESt4pairIKS5_N6Entity9EntityDefEESt10_Select1stISA_ESt4lessIS5_ESaISA_EE13_Rb_tree_implISE_Lb1EEC2Ev
FN:692,_ZNSt8_Rb_treeINSt7__cxx1112basic_stringIcSt11char_traitsIcESaIcEEESt4pairIKS5_N6Entity6ColumnEESt10_Select1stISA_ESt4lessIS5_ESaISA_EE13_Rb_tree_implISE_Lb1EEC2ERKSI_
FN:712,_ZNSt8_Rb_treeINSt7__cxx1112basic_stringIcSt11char_traitsIcESaIcEEESt4pairIKS5_N6Entity6ColumnEESt10_Select1stISA_ESt4lessIS5_ESaISA_EE7_M_rootEv
FN:716,_ZNKSt8_Rb_treeINSt7__cxx1112basic_stringIcSt11char_traitsIcESaIcEEESt4pairIKS5_N6Entity6ColumnEESt10_Select1stISA_ESt4lessIS5_ESaISA_EE7_M_rootEv
FN:720,_ZNSt8_Rb_treeINSt7__cxx1112basic_stringIcSt11char_traitsIcESaIcEEESt4pairIKS5_N6Entity6ColumnEESt10_Select1stISA_ESt4lessIS5_ESaISA_EE11_M_leftmostEv
FN:728,_ZNSt8_Rb_treeINSt7__cxx1112basic_stringIcSt11char_traitsIcESaIcEEESt4pairIKS5_N6Entity6ColumnEESt10_Select1stISA_ESt4lessIS5_ESaISA_EE12_M_rightmostEv
FN:736,_ZNSt8_Rb_treeINSt7__cxx1112basic_stringIcSt11char_traitsIcESaIcEEESt4pairIKS5_N6Entity9EntityDefEESt10_Select1stISA_ESt4lessIS5_ESaISA_EE8_M_beginEv
FN:740,_ZNKSt8_Rb_treeINSt7__cxx1112basic_stringIcSt11char_traitsIcESaIcEEESt4pairIKS5_N6Entity6ColumnEESt10_Select1stISA_ESt4lessIS5_ESaISA_EE8_M_beginEv
FN:747,_ZNSt8_Rb_treeINSt7__cxx1112basic_stringIcSt11char_traitsIcESaIcEEESt4pairIKS5_N6Entity9EntityDefEESt10_Select1stISA_ESt4lessIS5_ESaISA_EE6_M_endEv
FN:747,_ZNSt8_Rb_treeINSt7__cxx1112basic_stringIcSt11char_traitsIcESaIcEEESt4pairIKS5_N6Entity6ColumnEESt10_Select1stISA_ESt4lessIS5_ESaISA_EE6_M_endEv
FN:755,_ZNSt8_Rb_treeINSt7__cxx1112basic_stringIcSt11char_traitsIcESaIcEEESt4pairIKS5_N6Entity9EntityDefEESt10_Select1stISA_ESt4lessIS5_ESaISA_EE8_S_valueEPKSt13_Rb_tree_nodeISA_E
FN:759,_ZNSt8_Rb_treeINSt7__cxx1112basic_stringIcSt11char_traitsIcESaIcEEESt4pairIKS5_N6Entity9EntityDefEESt10_Select1stISA_ESt4lessIS5_ESaISA_EE6_S_keyEPKSt13_Rb_tree_nodeISA_E
FN:763,_ZNSt8_Rb_treeINSt7__cxx1112basic_stringIcSt11char_traitsIcESaIcEEESt4pairIKS5_N6Entity9EntityDefEESt10_Select1stISA_ESt4lessIS5_ESaISA_EE7_S_leftEPSt18_Rb_tree_node_base
FN:763,_ZNSt8_Rb_treeINSt7__cxx1112basic_stringIcSt11char_traitsIcESaIcEEESt4pairIKS5_N6Entity6ColumnEESt10_Select1stISA_ESt4lessIS5_ESaISA_EE7_S_leftEPSt18_Rb_tree_node_base
FN:767,_ZNSt8_Rb_treeINSt7__cxx1112basic_stringIcSt11char_traitsIcESaIcEEESt4pairIKS5_N6Entity6ColumnEESt10_Select1stISA_ESt4lessIS5_ESaISA_EE7_S_leftEPKSt18_Rb_tree_node_base
FN:771,_ZNSt8_Rb_treeINSt7__cxx1112basic_stringIcSt11char_traitsIcESaIcEEESt4pairIKS5_N6Entity6ColumnEESt10_Select1stISA_ESt4lessIS5_ESaISA_EE8_S_rightEPSt18_Rb_tree_node_base
FN:771,_ZNSt8_Rb_treeINSt7__cxx1112basic_stringIcSt11char_traitsIcESaIcEEESt4pairIKS5_N6Entity9EntityDefEESt10_Select1stISA_ESt4lessIS5_ESaISA_EE8_S_rightEPSt18_Rb_tree_node_base
FN:775,_ZNSt8_Rb_treeINSt7__cxx1112basic_stringIcSt11char_traitsIcESaIcEEESt4pairIKS5_N6Entity6ColumnEESt10_Select1stISA_ESt4lessIS5_ESaISA_EE8_S_rightEPKSt18_Rb_tree_node_base
FN:779,_ZNSt8_Rb_treeINSt7__cxx1112basic_stringIcSt11char_traitsIcESaIcEEESt4pairIKS5_N6Entity9EntityDefEESt10_Select1stISA_ESt4lessIS5_ESaISA_EE8_S_valueEPKSt18_Rb_tree_node_base
FN:783,_ZNSt8_Rb_treeINSt7__cxx1112basic_stringIcSt11char_traitsIcESaIcEEESt4pairIKS5_N6Entity9EntityDefEESt10_Select1stISA_ESt4lessIS5_ESaISA_EE6_S_keyEPKSt18_Rb_tree_node_base
FN:787,_ZNSt8_Rb_treeINSt7__cxx1112basic_stringIcSt11char_traitsIcESaIcEEESt4pairIKS5_N6Entity6ColumnEESt10_Select1stISA_ESt4lessIS5_ESaISA_EE10_S_minimumEPSt18_Rb_tree_node_base
FN:795,_ZNSt8_Rb_treeINSt7__cxx1112basic_stringIcSt11char_traitsIcESaIcEEESt4pairIKS5_N6Entity6ColumnEESt10_Select1stISA_ESt4lessIS5_ESaISA_EE10_S_maximumEPSt18_Rb_tree_node_base
FN:873,_ZNSt8_Rb_treeINSt7__cxx1112basic_stringIcSt11char_traitsIcESaIcEEESt4pairIKS5_N6Entity6ColumnEESt10_Select1stISA_ESt4lessIS5_ESaISA_EE7_M_copyINSG_11_Alloc_nodeEEEPSt13_Rb_tree_nodeISA_ERKSG_RT_
FN:883,_ZNSt8_Rb_treeINSt7__cxx1112basic_stringIcSt11char_traitsIcESaIcEEESt4pairIKS5_N6Entity6ColumnEESt10_Select1stISA_ESt4lessIS5_ESaISA_EE7_M_copyERKSG_
FN:913,_ZNSt8_Rb_treeINSt7__cxx1112basic_stringIcSt11char_traitsIcESaIcEEESt4pairIKS5_N6Entity9EntityDefEESt10_Select1stISA_ESt4lessIS5_ESaISA_EEC2Ev
FN:920,_ZNSt8_Rb_treeINSt7__cxx1112basic_stringIcSt11char_traitsIcESaIcEEESt4pairIKS5_N6Entity6ColumnEESt10_Select1stISA_ESt4lessIS5_ESaISA_EEC2ERKSG_
FN:948,_ZNSt8_Rb_treeINSt7__cxx1112basic_stringIcSt11char_traitsIcESaIcEEESt4pairIKS5_N6Entity9EntityDefEESt10_Select1stISA_ESt4lessIS5_ESaISA_EED2Ev
FN:960,_ZNSt8_Rb_treeINSt7__cxx1112basic_stringIcSt11char_traitsIcESaIcEEESt4pairIKS5_N6Entity9EntityDefEESt10_Select1stISA_ESt4lessIS5_ESaISA_EE5beginEv
FN:968,_ZNSt8_Rb_treeINSt7__cxx1112basic_stringIcSt11char_traitsIcESaIcEEESt4pairIKS5_N6Entity9EntityDefEESt10_Select1stISA_ESt4lessIS5_ESaISA_EE3endEv
FN:1169,_ZNSt8_Rb_treeINSt7__cxx1112basic_stringIcSt11char_traitsIcESaIcEEESt4pairIKS5_N6Entity9EntityDefEESt10_Select1stISA_ESt4lessIS5_ESaISA_EE5clearEv
FN:1814,_ZNSt8_Rb_treeINSt7__cxx1112basic_stringIcSt11char_traitsIcESaIcEEESt4pairIKS5_N6Entity6ColumnEESt10_Select1stISA_ESt4lessIS5_ESaISA_EE7_M_copyINSG_11_Alloc_nodeEEEPSt13_Rb_tree_nodeISA_EPKSK_PSt18_Rb_tree_node_baseRT_
FN:1850,_ZNSt8_Rb_treeINSt7__cxx1112basic_stringIcSt11char_traitsIcESaIcEEESt4pairIKS5_N6Entity6ColumnEESt10_Select1stISA_ESt4lessIS5_ESaISA_EE8_M_eraseEPSt13_Rb_tree_nodeISA_E
FN:1850,_ZNSt8_Rb_treeINSt7__cxx1112basic_stringIcSt11char_traitsIcESaIcEEESt4pairIKS5_N6Entity9EntityDefEESt10_Select1stISA_ESt4lessIS5_ESaISA_EE8_M_eraseEPSt13_Rb_tree_nodeISA_E
FN:1867,_ZNSt8_Rb_treeINSt7__cxx1112basic_stringIcSt11char_traitsIcESaIcEEESt4pairIKS5_N6Entity9EntityDefEESt10_Select1stISA_ESt4lessIS5_ESaISA_EE14_M_lower_boundEPSt13_Rb_tree_nodeISA_EPSt18_Rb_tree_node_baseRS7_
FN:2028,_ZNSt8_Rb_treeINSt7__cxx1112basic_stringIcSt11char_traitsIcESaIcEEESt4pairIKS5_N6Entity9EntityDefEESt10_Select1stISA_ESt4lessIS5_ESaISA_EE24_M_get_insert_unique_posERS7_
FN:2297,_ZNSt8_Rb_treeINSt7__cxx1112basic_stringIcSt11char_traitsIcESaIcEEESt4pairIKS5_N6Entity9EntityDefEESt10_Select1stISA_ESt4lessIS5_ESaISA_EE14_M_insert_nodeEPSt18_Rb_tree_node_baseSI_PSt13_Rb_tree_nodeISA_E
FN:2348,_ZNSt8_Rb_treeINSt7__cxx1112basic_stringIcSt11char_traitsIcESaIcEEESt4pairIKS5_N6Entity9EntityDefEESt10_Select1stISA_ESt4lessIS5_ESaISA_EE17_M_emplace_uniqueIJRS7_RKS9_EEES6_ISt17_Rb_tree_iteratorISA_EbEDpOT_
FN:2520,_ZNSt8_Rb_treeINSt7__cxx1112basic_stringIcSt11char_traitsIcESaIcEEESt4pairIKS5_N6Entity9EntityDefEESt10_Select1stISA_ESt4lessIS5_ESaISA_EE4findERS7_
FNDA:0,_ZNSt18_Rb_tree_node_base10_S_minimumEPS_
FNDA:0,_ZNSt18_Rb_tree_node_base10_S_maximumEPS_
FNDA:8,_ZNSt20_Rb_tree_key_compareISt4lessINSt7__cxx1112basic_stringIcSt11char_traitsIcESaIcEEEEEC2Ev
FNDA:0,_ZNSt20_Rb_tree_key_compareISt4lessINSt7__cxx1112basic_stringIcSt11char_traitsIcESaIcEEEEEC2ERKS7_
FNDA:0,_ZNSt15_Rb_tree_headerC2Ev
FNDA:0,_ZNSt15_Rb_tree_header8_M_resetEv
FNDA:210,_ZNSt13_Rb_tree_nodeISt4pairIKNSt7__cxx1112basic_stringIcSt11char_traitsIcESaIcEEEN6Entity6ColumnEEE9_M_valptrEv
FNDA:1231,_ZNSt13_Rb_tree_nodeISt4pairIKNSt7__cxx1112basic_stringIcSt11char_traitsIcESaIcEEEN6Entity9EntityDefEEE9_M_valptrEv
FNDA:219,_ZNKSt13_Rb_tree_nodeISt4pairIKNSt7__cxx1112basic_stringIcSt11char_traitsIcESaIcEEEN6Entity6ColumnEEE9_M_valptrEv
FNDA:3950,_ZNKSt13_Rb_tree_nodeISt4pairIKNSt7__cxx1112basic_stringIcSt11char_traitsIcESaIcEEEN6Entity9EntityDefEEE9_M_valptrEv
FNDA:3234,_ZNSt17_Rb_tree_iteratorISt4pairIKNSt7__cxx1112basic_stringIcSt11char_traitsIcESaIcEEEN6Entity9EntityDefEEEC2EPSt18_Rb_tree_node_base
FNDA:903,_ZNKSt17_Rb_tree_iteratorISt4pairIKNSt7__cxx1112basic_stringIcSt11char_traitsIcESaIcEEEN6Entity9EntityDefEEEptEv
FNDA:160,_ZNSt17_Rb_tree_iteratorISt4pairIKNSt7__cxx1112basic_stringIcSt11char_traitsIcESaIcEEEN6Entity9EntityDefEEEppEi
FNDA:32,_ZNSt17_Rb_tree_iteratorISt4pairIKNSt7__cxx1112basic_stringIcSt11char_traitsIcESaIcEEEN6Entity9EntityDefEEEmmEv
FNDA:1745,_ZNKSt17_Rb_tree_iteratorISt4pairIKNSt7__cxx1112basic_stringIcSt11char_traitsIcESaIcEEEN6Entity9EntityDefEEEeqERKSB_
FNDA:192,_ZNKSt17_Rb_tree_iteratorISt4pairIKNSt7__cxx1112basic_stringIcSt11char_traitsIcESaIcEEEN6Entity9EntityDefEEEneERKSB_
FNDA:12,_ZNSt8_Rb_treeINSt7__cxx1112basic_stringIcSt11char_traitsIcESaIcEEESt4pairIKS5_N6Entity6ColumnEESt10_Select1stISA_ESt4lessIS5_ESaISA_EE11_Alloc_nodeC2ERSG_
FNDA:105,_ZNKSt8_Rb_treeINSt7__cxx1112basic_stringIcSt11char_traitsIcESaIcEEESt4pairIKS5_N6Entity6ColumnEESt10_Select1stISA_ESt4lessIS5_ESaISA_EE11_Alloc_nodeclIRKSA_EEPSt13_Rb_tree_nodeISA_EOT_
FNDA:420,_ZNSt8_Rb_treeINSt7__cxx1112basic_stringIcSt11char_traitsIcESaIcEEESt4pairIKS5_N6Entity6ColumnEESt10_Select1stISA_ESt4lessIS5_ESaISA_EE21_M_get_Node_allocatorEv
FNDA:656,_ZNSt8_Rb_treeINSt7__cxx1112basic_stringIcSt11char_traitsIcESaIcEEESt4pairIKS5_N6Entity9EntityDefEESt10_Select1stISA_ESt4lessIS5_ESaISA_EE21_M_get_Node_allocatorEv
FNDA:105,_ZNSt8_Rb_treeINSt7__cxx1112basic_stringIcSt11char_traitsIcESaIcEEESt4pairIKS5_N6Entity6ColumnEESt10_Select1stISA_ESt4lessIS5_ESaISA_EE11_M_get_nodeEv
FNDA:164,_ZNSt8_Rb_treeINSt7__cxx1112basic_stringIcSt11char_traitsIcESaIcEEESt4pairIKS5_N6Entity9EntityDefEESt10_Select1stISA_ESt4lessIS5_ESaISA_EE11_M_get_nodeEv
FNDA:105,_ZNSt8_Rb_treeINSt7__cxx1112basic_stringIcSt11char_traitsIcESaIcEEESt4pairIKS5_N6Entity6ColumnEESt10_Select1stISA_ESt4lessIS5_ESaISA_EE11_M_put_nodeEPSt13_Rb_tree_nodeISA_E
FNDA:164,_ZNSt8_Rb_treeINSt7__cxx1112basic_stringIcSt11char_traitsIcESaIcEEESt4pairIKS5_N6Entity9EntityDefEESt10_Select1stISA_ESt4lessIS5_ESaISA_EE11_M_put_nodeEPSt13_Rb_tree_nodeISA_E
FNDA:105,_ZNSt8_Rb_treeINSt7__cxx1112basic_stringIcSt11char_traitsIcESaIcEEESt4pairIKS5_N6Entity6ColumnEESt10_Select1stISA_ESt4lessIS5_ESaISA_EE17_M_construct_nodeIJRKSA_EEEvPSt13_Rb_tree_nodeISA_EDpOT_
FNDA:164,_ZNSt8_Rb_treeINSt7__cxx1112basic_stringIcSt11char_traitsIcESaIcEEESt4pairIKS5_N6Entity9EntityDefEESt10_Select1stISA_ESt4lessIS5_ESaISA_EE17_M_construct_nodeIJRS7_RKS9_EEEvPSt13_Rb_tree_nodeISA_EDpOT_
FNDA:105,_ZNSt8_Rb_treeINSt7__cxx1112basic_stringIcSt11char_traitsIcESaIcEEESt4pairIKS5_N6Entity6ColumnEESt10_Select1stISA_ESt4lessIS5_ESaISA_EE14_M_create_nodeIJRKSA_EEEPSt13_Rb_tree_nodeISA_EDpOT_
FNDA:164,_ZNSt8_Rb_treeINSt7__cxx1112basic_stringIcSt11char_traitsIcESaIcEEESt4pairIKS5_N6Entity9EntityDefEESt10_Select1stISA_ESt4lessIS5_ESaISA_EE14_M_create_nodeIJRS7_RKS9_EEEPSt13_Rb_tree_nodeISA_EDpOT_
FNDA:105,_ZNSt8_Rb_treeINSt7__cxx1112basic_stringIcSt11char_traitsIcESaIcEEESt4pairIKS5_N6Entity6ColumnEESt10_Select1stISA_ESt4lessIS5_ESaISA_EE15_M_destroy_nodeEPSt13_Rb_tree_nodeISA_E
FNDA:164,_ZNSt8_Rb_treeINSt7__cxx1112basic_stringIcSt11char_traitsIcESaIcEEESt4pairIKS5_N6Entity9EntityDefEESt10_Select1stISA_ESt4lessIS5_ESaISA_EE15_M_destroy_nodeEPSt13_Rb_tree_nodeISA_E
FNDA:105,_ZNSt8_Rb_treeINSt7__cxx1112basic_stringIcSt11char_traitsIcESaIcEEESt4pairIKS5_N6Entity6ColumnEESt10_Select1stISA_ESt4lessIS5_ESaISA_EE12_M_drop_nodeEPSt13_Rb_tree_nodeISA_E
FNDA:164,_ZNSt8_Rb_treeINSt7__cxx1112basic_stringIcSt11char_traitsIcESaIcEEESt4pairIKS5_N6Entity9EntityDefEESt10_Select1stISA_ESt4lessIS5_ESaISA_EE12_M_drop_nodeEPSt13_Rb_tree_nodeISA_E
FNDA:70,_ZNSt8_Rb_treeINSt7__cxx1112basic_stringIcSt11char_traitsIcESaIcEEESt4pairIKS5_N6Entity6ColumnEESt10_Select1stISA_ESt4lessIS5_ESaISA_EE13_M_clone_nodeINSG_11_Alloc_nodeEEEPSt13_Rb_tree_nodeISA_EPKSK_RT_
FNDA:12,_ZNSt8_Rb_treeINSt7__cxx1112basic_stringIcSt11char_traitsIcESaIcEEESt4pairIKS5_N6Entity6ColumnEESt10_Select1stISA_ESt4lessIS5_ESaISA_EE13_Rb_tree_implISE_Lb1EED2Ev
FNDA:33,_ZNSt8_Rb_treeINSt7__cxx1112basic_stringIcSt11char_traitsIcESaIcEEESt4pairIKS5_N6Entity9EntityDefEESt10_Select1stISA_ESt4lessIS5_ESaISA_EE13_Rb_tree_implISE_Lb1EED2Ev
FNDA:33,_ZNSt8_Rb_treeINSt7__cxx1112basic_stringIcSt11char_traitsIcESaIcEEESt4pairIKS5_N6Entity9EntityDefEESt10_Select1stISA_ESt4lessIS5_ESaISA_EE13_Rb_tree_implISE_Lb1EEC2Ev
FNDA:8,_ZNSt8_Rb_treeINSt7__cxx1112basic_stringIcSt11char_traitsIcESaIcEEESt4pairIKS5_N6Entity6ColumnEESt10_Select1stISA_ESt4lessIS5_ESaISA_EE13_Rb_tree_implISE_Lb1EEC2ERKSI_
FNDA:8,_ZNSt8_Rb_treeINSt7__cxx1112basic_stringIcSt11char_traitsIcESaIcEEESt4pairIKS5_N6Entity6ColumnEESt10_Select1stISA_ESt4lessIS5_ESaISA_EE7_M_rootEv
FNDA:8,_ZNKSt8_Rb_treeINSt7__cxx1112basic_stringIcSt11char_traitsIcESaIcEEESt4pairIKS5_N6Entity6ColumnEESt10_Select1stISA_ESt4lessIS5_ESaISA_EE7_M_rootEv
FNDA:8,_ZNSt8_Rb_treeINSt7__cxx1112basic_stringIcSt11char_traitsIcESaIcEEESt4pairIKS5_N6Entity6ColumnEESt10_Select1stISA_ESt4lessIS5_ESaISA_EE11_M_leftmostEv
FNDA:48,_ZNSt8_Rb_treeINSt7__cxx1112basic_stringIcSt11char_traitsIcESaIcEEESt4pairIKS5_N6Entity6ColumnEESt10_Select1stISA_ESt4lessIS5_ESaISA_EE12_M_rightmostEv
FNDA:1069,_ZNSt8_Rb_treeINSt7__cxx1112basic_stringIcSt11char_traitsIcESaIcEEESt4pairIKS5_N6Entity9EntityDefEESt10_Select1stISA_ESt4lessIS5_ESaISA_EE8_M_beginEv
FNDA:8,_ZNKSt8_Rb_treeINSt7__cxx1112basic_stringIcSt11char_traitsIcESaIcEEESt4pairIKS5_N6Entity6ColumnEESt10_Select1stISA_ESt4lessIS5_ESaISA_EE8_M_beginEv
FNDA:104,_ZNSt8_Rb_treeINSt7__cxx1112basic_stringIcSt11char_traitsIcESaIcEEESt4pairIKS5_N6Entity6ColumnEESt10_Select1stISA_ESt4lessIS5_ESaISA_EE6_M_endEv
FNDA:1168,_ZNSt8_Rb_treeINSt7__cxx1112basic_stringIcSt11char_traitsIcESaIcEEESt4pairIKS5_N6Entity9EntityDefEESt10_Select1stISA_ESt4lessIS5_ESaISA_EE6_M_endEv
FNDA:2881,_ZNSt8_Rb_treeINSt7__cxx1112basic_stringIcSt11char_traitsIcESaIcEEESt4pairIKS5_N6Entity9EntityDefEESt10_Select1stISA_ESt4lessIS5_ESaISA_EE8_S_valueEPKSt13_Rb_tree_nodeISA_E
FNDA:2881,_ZNSt8_Rb_treeINSt7__cxx1112basic_stringIcSt11char_traitsIcESaIcEEESt4pairIKS5_N6Entity9EntityDefEESt10_Select1stISA_ESt4lessIS5_ESaISA_EE6_S_keyEPKSt13_Rb_tree_nodeISA_E
FNDA:145,_ZNSt8_Rb_treeINSt7__cxx1112basic_stringIcSt11char_traitsIcESaIcEEESt4pairIKS5_N6Entity6ColumnEESt10_Select1stISA_ESt4lessIS5_ESaISA_EE7_S_leftEPSt18_Rb_tree_node_base
FNDA:1079,_ZNSt8_Rb_treeINSt7__cxx1112basic_stringIcSt11char_traitsIcESaIcEEESt4pairIKS5_N6Entity9EntityDefEESt10_Select1stISA_ESt4lessIS5_ESaISA_EE7_S_leftEPSt18_Rb_tree_node_base
FNDA:70,_ZNSt8_Rb_treeINSt7__cxx1112basic_stringIcSt11char_traitsIcESaIcEEESt4pairIKS5_N6Entity6ColumnEESt10_Select1stISA_ESt4lessIS5_ESaISA_EE7_S_leftEPKSt18_Rb_tree_node_base
FNDA:135,_ZNSt8_Rb_treeINSt7__cxx1112basic_stringIcSt11char_traitsIcESaIcEEESt4pairIKS5_N6Entity6ColumnEESt10_Select1stISA_ESt4lessIS5_ESaISA_EE8_S_rightEPSt18_Rb_tree_node_base
FNDA:1835,_ZNSt8_Rb_treeINSt7__cxx1112basic_stringIcSt11char_traitsIcESaIcEEESt4pairIKS5_N6Entity9EntityDefEESt10_Select1stISA_ESt4lessIS5_ESaISA_EE8_S_rightEPSt18_Rb_tree_node_base
FNDA:32,_ZNSt8_Rb_treeINSt7__cxx1112basic_stringIcSt11char_traitsIcESaIcEEESt4pairIKS5_N6Entity6ColumnEESt10_Select1stISA_ESt4lessIS5_ESaISA_EE8_S_rightEPKSt18_Rb_tree_node_base
FNDA:1069,_ZNSt8_Rb_treeINSt7__cxx1112basic_stringIcSt11char_traitsIcESaIcEEESt4pairIKS5_N6Entity9EntityDefEESt10_Select1stISA_ESt4lessIS5_ESaISA_EE8_S_valueEPKSt18_Rb_tree_node_base
FNDA:1069,_ZNSt8_Rb_treeINSt7__cxx1112basic_stringIcSt11char_traitsIcESaIcEEESt4pairIKS5_N6Entity9EntityDefEESt10_Select1stISA_ESt4lessIS5_ESaISA_EE6_S_keyEPKSt18_Rb_tree_node_base
FNDA:8,_ZNSt8_Rb_treeINSt7__cxx1112basic_stringIcSt11char_traitsIcESaIcEEESt4pairIKS5_N6Entity6ColumnEESt10_Select1stISA_ESt4lessIS5_ESaISA_EE10_S_minimumEPSt18_Rb_tree_node_base
FNDA:8,_ZNSt8_Rb_treeINSt7__cxx1112basic_stringIcSt11char_traitsIcESaIcEEESt4pairIKS5_N6Entity6ColumnEESt10_Select1stISA_ESt4lessIS5_ESaISA_EE10_S_maximumEPSt18_Rb_tree_node_base
FNDA:8,_ZNSt8_Rb_treeINSt7__cxx1112basic_stringIcSt11char_traitsIcESaIcEEESt4pairIKS5_N6Entity6ColumnEESt10_Select1stISA_ESt4lessIS5_ESaISA_EE7_M_copyINSG_11_Alloc_nodeEEEPSt13_Rb_tree_nodeISA_ERKSG_RT_
FNDA:8,_ZNSt8_Rb_treeINSt7__cxx1112basic_stringIcSt11char_traitsIcESaIcEEESt4pairIKS5_N6Entity6ColumnEESt10_Select1stISA_ESt4lessIS5_ESaISA_EE7_M_copyERKSG_
FNDA:33,_ZNSt8_Rb_treeINSt7__cxx1112basic_stringIcSt11char_traitsIcESaIcEEESt4pairIKS5_N6Entity9EntityDefEESt10_Select1stISA_ESt4lessIS5_ESaISA_EEC2Ev
FNDA:8,_ZNSt8_Rb_treeINSt7__cxx1112basic_stringIcSt11char_traitsIcESaIcEEESt4pairIKS5_N6Entity6ColumnEESt10_Select1stISA_ESt4lessIS5_ESaISA_EEC2ERKSG_
FNDA:33,_ZNSt8_Rb_treeINSt7__cxx1112basic_stringIcSt11char_traitsIcESaIcEEESt4pairIKS5_N6Entity9EntityDefEESt10_Select1stISA_ESt4lessIS5_ESaISA_EED2Ev
FNDA:97,_ZNSt8_Rb_treeINSt7__cxx1112basic_stringIcSt11char_traitsIcESaIcEEESt4pairIKS5_N6Entity9EntityDefEESt10_Select1stISA_ESt4lessIS5_ESaISA_EE5beginEv
FNDA:1969,_ZNSt8_Rb_treeINSt7__cxx1112basic_stringIcSt11char_traitsIcESaIcEEESt4pairIKS5_N6Entity9EntityDefEESt10_Select1stISA_ESt4lessIS5_ESaISA_EE3endEv
FNDA:32,_ZNSt8_Rb_treeINSt7__cxx1112basic_stringIcSt11char_traitsIcESaIcEEESt4pairIKS5_N6Entity9EntityDefEESt10_Select1stISA_ESt4lessIS5_ESaISA_EE5clearEv
FNDA:40,_ZNSt8_Rb_treeINSt7__cxx1112basic_stringIcSt11char_traitsIcESaIcEEESt4pairIKS5_N6Entity6ColumnEESt10_Select1stISA_ESt4lessIS5_ESaISA_EE7_M_copyINSG_11_Alloc_nodeEEEPSt13_Rb_tree_nodeISA_EPKSK_PSt18_Rb_tree_node_baseRT_
FNDA:117,_ZNSt8_Rb_treeINSt7__cxx1112basic_stringIcSt11char_traitsIcESaIcEEESt4pairIKS5_N6Entity6ColumnEESt10_Select1stISA_ESt4lessIS5_ESaISA_EE8_M_eraseEPSt13_Rb_tree_nodeISA_E
FNDA:229,_ZNSt8_Rb_treeINSt7__cxx1112basic_stringIcSt11char_traitsIcESaIcEEESt4pairIKS5_N6Entity9EntityDefEESt10_Select1stISA_ESt4lessIS5_ESaISA_EE8_M_eraseEPSt13_Rb_tree_nodeISA_E
FNDA:840,_ZNSt8_Rb_treeINSt7__cxx1112basic_stringIcSt11char_traitsIcESaIcEEESt4pairIKS5_N6Entity9EntityDefEESt10_Select1stISA_ESt4lessIS5_ESaISA_EE14_M_lower_boundEPSt13_Rb_tree_nodeISA_EPSt18_Rb_tree_node_baseRS7_
FNDA:164,_ZNSt8_Rb_treeINSt7__cxx1112basic_stringIcSt11char_traitsIcESaIcEEESt4pairIKS5_N6Entity9EntityDefEESt10_Select1stISA_ESt4lessIS5_ESaISA_EE24_M_get_insert_unique_posERS7_
FNDA:164,_ZNSt8_Rb_treeINSt7__cxx1112basic_stringIcSt11char_traitsIcESaIcEEESt4pairIKS5_N6Entity9EntityDefEESt10_Select1stISA_ESt4lessIS5_ESaISA_EE14_M_insert_nodeEPSt18_Rb_tree_node_baseSI_PSt13_Rb_tree_nodeISA_E
FNDA:164,_ZNSt8_Rb_treeINSt7__cxx1112basic_stringIcSt11char_traitsIcESaIcEEESt4pairIKS5_N6Entity9EntityDefEESt10_Select1stISA_ESt4lessIS5_ESaISA_EE17_M_emplace_uniqueIJRS7_RKS9_EEES6_ISt17_Rb_tree_iteratorISA_EbEDpOT_
FNDA:840,_ZNSt8_Rb_treeINSt7__cxx1112basic_stringIcSt11char_traitsIcESaIcEEESt4pairIKS5_N6Entity9EntityDefEESt10_Select1stISA_ESt4lessIS5_ESaISA_EE4findERS7_
FNF:73
FNH:68
DA:112,0
DA:114,0
DA:115,0
DA:126,0
DA:128,0
DA:129,0
DA:146,8
DA:150,8
DA:152,0
DA:154,0
DA:173,0
DA:174,0
DA:175,0
DA:176,0
DA:177,0
DA:206,0
DA:208,0
DA:209,0
DA:210,0
DA:211,0
DA:212,0
DA:234,1441
DA:235,1441
DA:238,4169
DA:239,4169
DA:273,3234
DA:274,3234
DA:281,903
DA:282,903
DA:292,160
DA:294,160
DA:295,160
DA:296,160
DA:300,32
DA:302,32
DA:303,32
DA:315,1745
DA:316,1745
DA:319,192
DA:320,192
DA:546,12
DA:547,12
DA:554,105
DA:556,105
DA:574,1076
DA:575,1076
DA:587,269
DA:588,269
DA:591,269
DA:592,269
DA:621,269
DA:625,269
DA:626,269
DA:630,0
DA:633,0
DA:634,0
DA:636,269
DA:640,269
DA:642,269
DA:643,269
DA:644,269
DA:648,269
DA:650,269
DA:652,269
DA:656,269
DA:658,269
DA:659,269
DA:660,269
DA:664,70
DA:666,70
DA:667,70
DA:668,70
DA:669,70
DA:670,70
DA:677,45
DA:688,33
DA:692,8
DA:694,8
DA:695,8
DA:712,8
DA:713,8
DA:716,8
DA:717,8
DA:720,8
DA:721,8
DA:728,48
DA:729,48
DA:736,1069
DA:737,1069
DA:740,8
DA:743,8
DA:747,1272
DA:748,1272
DA:755,2881
DA:756,2881
DA:759,2881
DA:760,2881
DA:763,1224
DA:764,1224
DA:767,70
DA:768,70
DA:771,1970
DA:772,1970
DA:775,32
DA:776,32
DA:779,1069
DA:780,1069
DA:783,1069
DA:784,1069
DA:787,8
DA:788,8
DA:795,8
DA:796,8
DA:873,8
DA:875,8
DA:876,8
DA:877,8
DA:878,8
DA:879,8
DA:883,8
DA:885,8
DA:886,8
DA:913,33
DA:920,8
DA:921,8
DA:923,8
DA:924,8
DA:925,8
DA:948,33
DA:949,33
DA:960,97
DA:961,97
DA:968,1969
DA:969,1969
DA:1169,32
DA:1171,32
DA:1172,32
DA:1173,32
DA:1814,40
DA:1818,40
DA:1819,40
DA:1823,40
DA:1824,22
DA:1825,40
DA:1826,40
DA:1828,100
DA:1830,30
DA:1831,30
DA:1832,30
DA:1833,30
DA:1834,10
DA:1835,30
DA:1836,30
DA:1839,0
DA:1841,0
DA:1842,0
DA:1844,40
DA:1850,615
DA:1854,884
DA:1856,269
DA:1857,269
DA:1858,269
DA:1859,269
DA:1861,346
DA:1867,3197
DA:1871,5554
DA:1872,2357
DA:1873,883
DA:1875,1474
DA:1876,840
DA:2028,164
DA:2032,164
DA:2033,164
DA:2034,164
DA:2035,622
DA:2037,229
DA:2038,229
DA:2039,229
DA:2041,164
DA:2042,164
DA:2044,65
DA:2045,33
DA:2047,32
DA:2049,131
DA:2050,131
DA:2051,0
DA:2297,164
DA:2300,328
DA:2301,295
DA:2304,164
DA:2306,164
DA:2307,164
DA:2348,164
DA:2351,164
DA:2356,164
DA:2357,164
DA:2358,164
DA:2360,0
DA:2361,0
DA:2363,0
DA:2365,0
DA:2366,0
DA:2520,840
DA:2523,840
DA:2524,1680
DA:2525,1614
DA:2526,2584
LF:207
LH:176
end_of_record
SF:/usr/include/c++/7/ext/aligned_buffer.h
FN:62,_ZN9__gnu_cxx16__aligned_membufISt4pairIKNSt7__cxx1112basic_stringIcSt11char_traitsIcESaIcEEEN6Entity9EntityDefEEE7_M_addrEv
FN:62,_ZN9__gnu_cxx16__aligned_membufISt4pairIKNSt7__cxx1112basic_stringIcSt11char_traitsIcESaIcEEEN6Entity6ColumnEEE7_M_addrEv
FN:66,_ZNK9__gnu_cxx16__aligned_membufISt4pairIKNSt7__cxx1112basic_stringIcSt11char_traitsIcESaIcEEEN6Entity9EntityDefEEE7_M_addrEv
FN:66,_ZNK9__gnu_cxx16__aligned_membufISt4pairIKNSt7__cxx1112basic_stringIcSt11char_traitsIcESaIcEEEN6Entity6ColumnEEE7_M_addrEv
FN:70,_ZN9__gnu_cxx16__aligned_membufISt4pairIKNSt7__cxx1112basic_stringIcSt11char_traitsIcESaIcEEEN6Entity9EntityDefEEE6_M_ptrEv
FN:70,_ZN9__gnu_cxx16__aligned_membufISt4pairIKNSt7__cxx1112basic_stringIcSt11char_traitsIcESaIcEEEN6Entity6ColumnEEE6_M_ptrEv
FN:74,_ZNK9__gnu_cxx16__aligned_membufISt4pairIKNSt7__cxx1112basic_stringIcSt11char_traitsIcESaIcEEEN6Entity9EntityDefEEE6_M_ptrEv
FN:74,_ZNK9__gnu_cxx16__aligned_membufISt4pairIKNSt7__cxx1112basic_stringIcSt11char_traitsIcESaIcEEEN6Entity6ColumnEEE6_M_ptrEv
FNDA:210,_ZN9__gnu_cxx16__aligned_membufISt4pairIKNSt7__cxx1112basic_stringIcSt11char_traitsIcESaIcEEEN6Entity6ColumnEEE7_M_addrEv
FNDA:1231,_ZN9__gnu_cxx16__aligned_membufISt4pairIKNSt7__cxx1112basic_stringIcSt11char_traitsIcESaIcEEEN6Entity9EntityDefEEE7_M_addrEv
FNDA:219,_ZNK9__gnu_cxx16__aligned_membufISt4pairIKNSt7__cxx1112basic_stringIcSt11char_traitsIcESaIcEEEN6Entity6ColumnEEE7_M_addrEv
FNDA:3950,_ZNK9__gnu_cxx16__aligned_membufISt4pairIKNSt7__cxx1112basic_stringIcSt11char_traitsIcESaIcEEEN6Entity9EntityDefEEE7_M_addrEv
FNDA:210,_ZN9__gnu_cxx16__aligned_membufISt4pairIKNSt7__cxx1112basic_stringIcSt11char_traitsIcESaIcEEEN6Entity6ColumnEEE6_M_ptrEv
FNDA:1231,_ZN9__gnu_cxx16__aligned_membufISt4pairIKNSt7__cxx1112basic_stringIcSt11char_traitsIcESaIcEEEN6Entity9EntityDefEEE6_M_ptrEv
FNDA:219,_ZNK9__gnu_cxx16__aligned_membufISt4pairIKNSt7__cxx1112basic_stringIcSt11char_traitsIcESaIcEEEN6Entity6ColumnEEE6_M_ptrEv
FNDA:3950,_ZNK9__gnu_cxx16__aligned_membufISt4pairIKNSt7__cxx1112basic_stringIcSt11char_traitsIcESaIcEEEN6Entity9EntityDefEEE6_M_ptrEv
FNF:8
FNH:8
DA:62,1441
DA:63,1441
DA:66,4169
DA:67,4169
DA:70,1441
DA:71,1441
DA:74,4169
DA:75,4169
LF:8
LH:8
end_of_record
SF:/usr/include/c++/7/ext/alloc_traits.h
FN:94,_ZN9__gnu_cxx14__alloc_traitsISaISt13_Rb_tree_nodeISt4pairIKNSt7__cxx1112basic_stringIcSt11char_traitsIcESaIcEEEN6Entity6ColumnEEEEE17_S_select_on_copyERKSE_
FNDA:8,_ZN9__gnu_cxx14__alloc_traitsISaISt13_Rb_tree_nodeISt4pairIKNSt7__cxx1112basic_stringIcSt11char_traitsIcESaIcEEEN6Entity6ColumnEEEEE17_S_select_on_copyERKSE_
FNF:1
FNH:1
DA:94,8
DA:95,8
LF:2
LH:2
end_of_record
SF:/usr/include/c++/7/ext/new_allocator.h
FN:79,_ZN9__gnu_cxx13new_allocatorISt13_Rb_tree_nodeISt4pairIKNSt7__cxx1112basic_stringIcSt11char_traitsIcESaIcEEEN6Entity9EntityDefEEEEC2Ev
FN:81,_ZN9__gnu_cxx13new_allocatorISt13_Rb_tree_nodeISt4pairIKNSt7__cxx1112basic_stringIcSt11char_traitsIcESaIcEEEN6Entity6ColumnEEEEC2ERKSE_
FN:86,_ZN9__gnu_cxx13new_allocatorISt13_Rb_tree_nodeISt4pairIKNSt7__cxx1112basic_stringIcSt11char_traitsIcESaIcEEEN6Entity6ColumnEEEED2Ev
FN:86,_ZN9__gnu_cxx13new_allocatorISt13_Rb_tree_nodeISt4pairIKNSt7__cxx1112basic_stringIcSt11char_traitsIcESaIcEEEN6Entity9EntityDefEEEED2Ev
FN:99,_ZN9__gnu_cxx13new_allocatorISt13_Rb_tree_nodeISt4pairIKNSt7__cxx1112basic_stringIcSt11char_traitsIcESaIcEEEN6Entity6ColumnEEEE8allocateEmPKv
FN:99,_ZN9__gnu_cxx13new_allocatorISt13_Rb_tree_nodeISt4pairIKNSt7__cxx1112basic_stringIcSt11char_traitsIcESaIcEEEN6Entity9EntityDefEEEE8allocateEmPKv
FN:116,_ZN9__gnu_cxx13new_allocatorISt13_Rb_tree_nodeISt4pairIKNSt7__cxx1112basic_stringIcSt11char_traitsIcESaIcEEEN6Entity6ColumnEEEE10deallocateEPSD_m
FN:116,_ZN9__gnu_cxx13new_allocatorISt13_Rb_tree_nodeISt4pairIKNSt7__cxx1112basic_stringIcSt11char_traitsIcESaIcEEEN6Entity9EntityDefEEEE10deallocateEPSD_m
FN:129,_ZNK9__gnu_cxx13new_allocatorISt13_Rb_tree_nodeISt4pairIKNSt7__cxx1112basic_stringIcSt11char_traitsIcESaIcEEEN6Entity9EntityDefEEEE8max_sizeEv
FN:129,_ZNK9__gnu_cxx13new_allocatorISt13_Rb_tree_nodeISt4pairIKNSt7__cxx1112basic_stringIcSt11char_traitsIcESaIcEEEN6Entity6ColumnEEEE8max_sizeEv
FN:135,_ZN9__gnu_cxx13new_allocatorISt13_Rb_tree_nodeISt4pairIKNSt7__cxx1112basic_stringIcSt11char_traitsIcESaIcEEEN6Entity9EntityDefEEEE9constructISC_JRS9_RKSB_EEEvPT_DpOT0_
FN:135,_ZN9__gnu_cxx13new_allocatorISt13_Rb_tree_nodeISt4pairIKNSt7__cxx1112basic_stringIcSt11char_traitsIcESaIcEEEN6Entity6ColumnEEEE9constructISC_JRKSC_EEEvPT_DpOT0_
FN:140,_ZN9__gnu_cxx13new_allocatorISt13_Rb_tree_nodeISt4pairIKNSt7__cxx1112basic_stringIcSt11char_traitsIcESaIcEEEN6Entity9EntityDefEEEE7destroyISC_EEvPT_
FN:140,_ZN9__gnu_cxx13new_allocatorISt13_Rb_tree_nodeISt4pairIKNSt7__cxx1112basic_stringIcSt11char_traitsIcESaIcEEEN6Entity6ColumnEEEE7destroyISC_EEvPT_
FNDA:33,_ZN9__gnu_cxx13new_allocatorISt13_Rb_tree_nodeISt4pairIKNSt7__cxx1112basic_stringIcSt11char_traitsIcESaIcEEEN6Entity9EntityDefEEEEC2Ev
FNDA:12,_ZN9__gnu_cxx13new_allocatorISt13_Rb_tree_nodeISt4pairIKNSt7__cxx1112basic_stringIcSt11char_traitsIcESaIcEEEN6Entity6ColumnEEEEC2ERKSE_
FNDA:16,_ZN9__gnu_cxx13new_allocatorISt13_Rb_tree_nodeISt4pairIKNSt7__cxx1112basic_stringIcSt11char_traitsIcESaIcEEEN6Entity6ColumnEEEED2Ev
FNDA:33,_ZN9__gnu_cxx13new_allocatorISt13_Rb_tree_nodeISt4pairIKNSt7__cxx1112basic_stringIcSt11char_traitsIcESaIcEEEN6Entity9EntityDefEEEED2Ev
FNDA:105,_ZN9__gnu_cxx13new_allocatorISt13_Rb_tree_nodeISt4pairIKNSt7__cxx1112basic_stringIcSt11char_traitsIcESaIcEEEN6Entity6ColumnEEEE8allocateEmPKv
FNDA:164,_ZN9__gnu_cxx13new_allocatorISt13_Rb_tree_nodeISt4pairIKNSt7__cxx1112basic_stringIcSt11char_traitsIcESaIcEEEN6Entity9EntityDefEEEE8allocateEmPKv
FNDA:105,_ZN9__gnu_cxx13new_allocatorISt13_Rb_tree_nodeISt4pairIKNSt7__cxx1112basic_stringIcSt11char_traitsIcESaIcEEEN6Entity6ColumnEEEE10deallocateEPSD_m
FNDA:164,_ZN9__gnu_cxx13new_allocatorISt13_Rb_tree_nodeISt4pairIKNSt7__cxx1112basic_stringIcSt11char_traitsIcESaIcEEEN6Entity9EntityDefEEEE10deallocateEPSD_m
FNDA:105,_ZNK9__gnu_cxx13new_allocatorISt13_Rb_tree_nodeISt4pairIKNSt7__cxx1112basic_stringIcSt11char_traitsIcESaIcEEEN6Entity6ColumnEEEE8max_sizeEv
FNDA:164,_ZNK9__gnu_cxx13new_allocatorISt13_Rb_tree_nodeISt4pairIKNSt7__cxx1112basic_stringIcSt11char_traitsIcESaIcEEEN6Entity9EntityDefEEEE8max_sizeEv
FNDA:105,_ZN9__gnu_cxx13new_allocatorISt13_Rb_tree_nodeISt4pairIKNSt7__cxx1112basic_stringIcSt11char_traitsIcESaIcEEEN6Entity6ColumnEEEE9constructISC_JRKSC_EEEvPT_DpOT0_
FNDA:164,_ZN9__gnu_cxx13new_allocatorISt13_Rb_tree_nodeISt4pairIKNSt7__cxx1112basic_stringIcSt11char_traitsIcESaIcEEEN6Entity9EntityDefEEEE9constructISC_JRS9_RKSB_EEEvPT_DpOT0_
FNDA:105,_ZN9__gnu_cxx13new_allocatorISt13_Rb_tree_nodeISt4pairIKNSt7__cxx1112basic_stringIcSt11char_traitsIcESaIcEEEN6Entity6ColumnEEEE7destroyISC_EEvPT_
FNDA:164,_ZN9__gnu_cxx13new_allocatorISt13_Rb_tree_nodeISt4pairIKNSt7__cxx1112basic_stringIcSt11char_traitsIcESaIcEEEN6Entity9EntityDefEEEE7destroyISC_EEvPT_
FNF:14
FNH:14
DA:79,33
DA:81,12
DA:86,49
DA:99,269
DA:101,269
DA:102,0
DA:111,269
DA:116,269
DA:125,269
DA:126,269
DA:129,269
DA:130,269
DA:135,269
DA:136,269
DA:140,269
LF:15
LH:14
end_of_record
SF:/usr/include/c++/7/new
FN:168,_ZnwmPv
FN:174,_ZdlPvS_
FNDA:0,_ZnwmPv
FNDA:0,_ZdlPvS_
FNF:2
FNH:0
DA:168,0
DA:169,0
DA:174,0
LF:3
LH:0
end_of_record
SF:/home/xronia/workspace/PBase/Entity/EntityCache.cc
FN:38,_ZN6Entity11EntityCacheC2ERKNSt7__cxx1112basic_stringIcSt11char_traitsIcESaIcEEENS_9EntityDefE
FN:44,_ZN6Entity11EntityCacheD2Ev
FN:66,_ZN6Entity11EntityCache11getTableDefERKNSt7__cxx1112basic_stringIcSt11char_traitsIcESaIcEEE
FN:90,_ZN6Entity11EntityCache7destroyEv
FN:101,_Z41__static_initialization_and_destruction_0ii
FN:101,_GLOBAL__sub_I.00101_EntityCache.cc
FNDA:164,_ZN6Entity11EntityCacheC2ERKNSt7__cxx1112basic_stringIcSt11char_traitsIcESaIcEEENS_9EntityDefE
FNDA:164,_ZN6Entity11EntityCacheD2Ev
FNDA:840,_ZN6Entity11EntityCache11getTableDefERKNSt7__cxx1112basic_stringIcSt11char_traitsIcESaIcEEE
FNDA:32,_ZN6Entity11EntityCache7destroyEv
FNDA:33,_GLOBAL__sub_I.00101_EntityCache.cc
FNDA:33,_Z41__static_initialization_and_destruction_0ii
FNF:6
FNH:6
DA:17,33
DA:18,33
DA:38,164
DA:39,164
DA:41,164
DA:42,164
DA:44,164
DA:46,164
DA:66,840
DA:67,840
DA:68,840
DA:69,743
DA:90,32
DA:91,192
DA:94,160
DA:96,32
DA:97,32
DA:101,99
LF:18
LH:18
end_of_record
TN:
SF:/usr/include/c++/7/bits/alloc_traits.h
FN:435,_ZNSt16allocator_traitsISaISt13_Rb_tree_nodeISt4pairIKNSt7__cxx1112basic_stringIcSt11char_traitsIcESaIcEEEN6Entity6ColumnEEEEE8allocateERSD_m
FN:461,_ZNSt16allocator_traitsISaISt13_Rb_tree_nodeISt4pairIKNSt7__cxx1112basic_stringIcSt11char_traitsIcESaIcEEEN6Entity6ColumnEEEEE10deallocateERSD_PSC_m
FN:474,_ZNSt16allocator_traitsISaISt13_Rb_tree_nodeISt4pairIKNSt7__cxx1112basic_stringIcSt11char_traitsIcESaIcEEEN6Entity6ColumnEEEEE9constructISB_JRKSB_EEEvRSD_PT_DpOT0_
FN:486,_ZNSt16allocator_traitsISaISt13_Rb_tree_nodeISt4pairIKNSt7__cxx1112basic_stringIcSt11char_traitsIcESaIcEEEN6Entity6ColumnEEEEE7destroyISB_EEvRSD_PT_
FN:504,_ZNSt16allocator_traitsISaISt13_Rb_tree_nodeISt4pairIKNSt7__cxx1112basic_stringIcSt11char_traitsIcESaIcEEEN6Entity6ColumnEEEEE37select_on_container_copy_constructionERKSD_
FNDA:0,_ZNSt16allocator_traitsISaISt13_Rb_tree_nodeISt4pairIKNSt7__cxx1112basic_stringIcSt11char_traitsIcESaIcEEEN6Entity6ColumnEEEEE8allocateERSD_m
FNDA:0,_ZNSt16allocator_traitsISaISt13_Rb_tree_nodeISt4pairIKNSt7__cxx1112basic_stringIcSt11char_traitsIcESaIcEEEN6Entity6ColumnEEEEE10deallocateERSD_PSC_m
FNDA:0,_ZNSt16allocator_traitsISaISt13_Rb_tree_nodeISt4pairIKNSt7__cxx1112basic_stringIcSt11char_traitsIcESaIcEEEN6Entity6ColumnEEEEE9constructISB_JRKSB_EEEvRSD_PT_DpOT0_
FNDA:0,_ZNSt16allocator_traitsISaISt13_Rb_tree_nodeISt4pairIKNSt7__cxx1112basic_stringIcSt11char_traitsIcESaIcEEEN6Entity6ColumnEEEEE7destroyISB_EEvRSD_PT_
FNDA:0,_ZNSt16allocator_traitsISaISt13_Rb_tree_nodeISt4pairIKNSt7__cxx1112basic_stringIcSt11char_traitsIcESaIcEEEN6Entity6ColumnEEEEE37select_on_container_copy_constructionERKSD_
FNF:5
FNH:0
DA:435,0
DA:436,0
DA:461,0
DA:462,0
DA:474,0
DA:475,0
DA:486,0
DA:487,0
DA:504,0
DA:505,0
LF:10
LH:0
end_of_record
SF:/usr/include/c++/7/bits/allocator.h
FN:133,_ZNSaISt13_Rb_tree_nodeISt4pairIKNSt7__cxx1112basic_stringIcSt11char_traitsIcESaIcEEEN6Entity6ColumnEEEEC2ERKSC_
FN:139,_ZNSaISt13_Rb_tree_nodeISt4pairIKNSt7__cxx1112basic_stringIcSt11char_traitsIcESaIcEEEN6Entity6ColumnEEEED2Ev
FNDA:0,_ZNSaISt13_Rb_tree_nodeISt4pairIKNSt7__cxx1112basic_stringIcSt11char_traitsIcESaIcEEEN6Entity6ColumnEEEEC2ERKSC_
FNDA:0,_ZNSaISt13_Rb_tree_nodeISt4pairIKNSt7__cxx1112basic_stringIcSt11char_traitsIcESaIcEEEN6Entity6ColumnEEEED2Ev
FNF:2
FNH:0
DA:133,0
DA:134,0
DA:139,0
LF:3
LH:0
end_of_record
SF:/usr/include/c++/7/bits/move.h
FN:73,_ZSt7forwardIRKSt4pairIKNSt7__cxx1112basic_stringIcSt11char_traitsIcESaIcEEEN6Entity6ColumnEEEOT_RNSt16remove_referenceISD_E4typeE
FNDA:0,_ZSt7forwardIRKSt4pairIKNSt7__cxx1112basic_stringIcSt11char_traitsIcESaIcEEEN6Entity6ColumnEEEOT_RNSt16remove_referenceISD_E4typeE
FNF:1
FNH:0
DA:73,0
DA:74,0
LF:2
LH:0
end_of_record
SF:/usr/include/c++/7/bits/stl_map.h
FN:199,_ZNSt3mapINSt7__cxx1112basic_stringIcSt11char_traitsIcESaIcEEEN6Entity6ColumnESt4lessIS5_ESaISt4pairIKS5_S7_EEEC2ERKSE_
FN:294,_ZNSt3mapINSt7__cxx1112basic_stringIcSt11char_traitsIcESaIcEEEN6Entity6ColumnESt4lessIS5_ESaISt4pairIKS5_S7_EEED2Ev
FNDA:0,_ZNSt3mapINSt7__cxx1112basic_stringIcSt11char_traitsIcESaIcEEEN6Entity6ColumnESt4lessIS5_ESaISt4pairIKS5_S7_EEEC2ERKSE_
FNDA:12,_ZNSt3mapINSt7__cxx1112basic_stringIcSt11char_traitsIcESaIcEEEN6Entity6ColumnESt4lessIS5_ESaISt4pairIKS5_S7_EEED2Ev
FNF:2
FNH:1
DA:199,0
DA:294,12
LF:2
LH:1
end_of_record
SF:/usr/include/c++/7/bits/stl_pair.h
FN:198,_ZNSt4pairIKNSt7__cxx1112basic_stringIcSt11char_traitsIcESaIcEEEN6Entity6ColumnEED2Ev
FN:292,_ZNSt4pairIKNSt7__cxx1112basic_stringIcSt11char_traitsIcESaIcEEEN6Entity6ColumnEEC2ERKS9_
FNDA:0,_ZNSt4pairIKNSt7__cxx1112basic_stringIcSt11char_traitsIcESaIcEEEN6Entity6ColumnEED2Ev
FNDA:0,_ZNSt4pairIKNSt7__cxx1112basic_stringIcSt11char_traitsIcESaIcEEEN6Entity6ColumnEEC2ERKS9_
FNF:2
FNH:0
DA:198,0
DA:292,0
LF:2
LH:0
end_of_record
SF:/usr/include/c++/7/bits/stl_tree.h
FN:112,_ZNSt18_Rb_tree_node_base10_S_minimumEPS_
FN:126,_ZNSt18_Rb_tree_node_base10_S_maximumEPS_
FN:152,_ZNSt20_Rb_tree_key_compareISt4lessINSt7__cxx1112basic_stringIcSt11char_traitsIcESaIcEEEEEC2ERKS7_
FN:173,_ZNSt15_Rb_tree_headerC2Ev
FN:206,_ZNSt15_Rb_tree_header8_M_resetEv
FN:234,_ZNSt13_Rb_tree_nodeISt4pairIKNSt7__cxx1112basic_stringIcSt11char_traitsIcESaIcEEEN6Entity6ColumnEEE9_M_valptrEv
FN:238,_ZNKSt13_Rb_tree_nodeISt4pairIKNSt7__cxx1112basic_stringIcSt11char_traitsIcESaIcEEEN6Entity6ColumnEEE9_M_valptrEv
FN:546,_ZNSt8_Rb_treeINSt7__cxx1112basic_stringIcSt11char_traitsIcESaIcEEESt4pairIKS5_N6Entity6ColumnEESt10_Select1stISA_ESt4lessIS5_ESaISA_EE11_Alloc_nodeC2ERSG_
FN:554,_ZNKSt8_Rb_treeINSt7__cxx1112basic_stringIcSt11char_traitsIcESaIcEEESt4pairIKS5_N6Entity6ColumnEESt10_Select1stISA_ESt4lessIS5_ESaISA_EE11_Alloc_nodeclIRKSA_EEPSt13_Rb_tree_nodeISA_EOT_
FN:574,_ZNSt8_Rb_treeINSt7__cxx1112basic_stringIcSt11char_traitsIcESaIcEEESt4pairIKS5_N6Entity6ColumnEESt10_Select1stISA_ESt4lessIS5_ESaISA_EE21_M_get_Node_allocatorEv
FN:587,_ZNSt8_Rb_treeINSt7__cxx1112basic_stringIcSt11char_traitsIcESaIcEEESt4pairIKS5_N6Entity6ColumnEESt10_Select1stISA_ESt4lessIS5_ESaISA_EE11_M_get_nodeEv
FN:591,_ZNSt8_Rb_treeINSt7__cxx1112basic_stringIcSt11char_traitsIcESaIcEEESt4pairIKS5_N6Entity6ColumnEESt10_Select1stISA_ESt4lessIS5_ESaISA_EE11_M_put_nodeEPSt13_Rb_tree_nodeISA_E
[...]
FNF:3
FNH:0
DA:27,0
DA:46,0
DA:108,0
LF:3
LH:0
end_of_record
SF:/home/xronia/workspace/PBase/Time/time.h
FN:32,_ZN4Time4timeC2Ev
FN:44,_ZN4Time4timeD2Ev
FNDA:0,_ZN4Time4timeC2Ev
FNDA:0,_ZN4Time4timeD2Ev
FNF:2
FNH:0
DA:32,0
DA:44,0
LF:2
LH:0
end_of_record
SF:/usr/include/c++/7/bits/alloc_traits.h
FN:435,_ZNSt16allocator_traitsISaISt10_List_nodeIN6Logger6logger3LogEEEE8allocateERS5_m
FN:461,_ZNSt16allocator_traitsISaISt10_List_nodeIN6Logger6logger3LogEEEE10deallocateERS5_PS4_m
FN:474,_ZNSt16allocator_traitsISaISt10_List_nodeIN6Logger6logger3LogEEEE9constructIS3_JRKS3_EEEvRS5_PT_DpOT0_
FN:486,_ZNSt16allocator_traitsISaISt10_List_nodeIN6Logger6logger3LogEEEE7destroyIS3_EEvRS5_PT_
FNDA:2295,_ZNSt16allocator_traitsISaISt10_List_nodeIN6Logger6logger3LogEEEE8allocateERS5_m
FNDA:0,_ZNSt16allocator_traitsISaISt10_List_nodeIN6Logger6logger3LogEEEE10deallocateERS5_PS4_m
FNDA:2295,_ZNSt16allocator_traitsISaISt10_List_nodeIN6Logger6logger3LogEEEE9constructIS3_JRKS3_EEEvRS5_PT_DpOT0_
FNDA:0,_ZNSt16allocator_traitsISaISt10_List_nodeIN6Logger6logger3LogEEEE7destroyIS3_EEvRS5_PT_
FNF:4
FNH:2
DA:435,2295
DA:436,2295
DA:461,0
DA:462,0
DA:474,2295
DA:475,2295
DA:486,0
DA:487,0
LF:8
LH:4
end_of_record
SF:/usr/include/c++/7/bits/allocated_ptr.h
FN:52,_ZNSt15__allocated_ptrISaISt10_List_nodeIN6Logger6logger3LogEEEEC2ERS5_PS4_
FN:70,_ZNSt15__allocated_ptrISaISt10_List_nodeIN6Logger6logger3LogEEEED2Ev
FN:78,_ZNSt15__allocated_ptrISaISt10_List_nodeIN6Logger6logger3LogEEEEaSEDn
FNDA:2295,_ZNSt15__allocated_ptrISaISt10_List_nodeIN6Logger6logger3LogEEEEC2ERS5_PS4_
FNDA:2295,_ZNSt15__allocated_ptrISaISt10_List_nodeIN6Logger6logger3LogEEEED2Ev
FNDA:2295,_ZNSt15__allocated_ptrISaISt10_List_nodeIN6Logger6logger3LogEEEEaSEDn
FNF:3
FNH:3
DA:52,2295
DA:53,2295
DA:54,2295
DA:70,2295
DA:72,2295
DA:73,0
DA:74,2295
DA:78,2295
DA:80,2295
DA:81,2295
LF:10
LH:9
end_of_record
SF:/usr/include/c++/7/bits/allocator.h
FN:131,_ZNSaISt10_List_nodeIN6Logger6logger3LogEEEC2Ev
FN:139,_ZNSaISt10_List_nodeIN6Logger6logger3LogEEED2Ev
FNDA:2,_ZNSaISt10_List_nodeIN6Logger6logger3LogEEEC2Ev
FNDA:2,_ZNSaISt10_List_nodeIN6Logger6logger3LogEEED2Ev
FNF:2
FNH:2
DA:131,2
DA:139,2
LF:2
LH:2
end_of_record
SF:/usr/include/c++/7/bits/ios_base.h
FN:129,_ZStorSt13_Ios_OpenmodeS_
FNDA:0,_ZStorSt13_Ios_OpenmodeS_
FNF:1
FNH:0
DA:129,0
DA:130,0
LF:2
LH:0
end_of_record
SF:/usr/include/c++/7/bits/list.tcc
FN:65,_ZNSt7__cxx1110_List_baseIN6Logger6logger3LogESaIS3_EE8_M_clearEv
FNDA:0,_ZNSt7__cxx1110_List_baseIN6Logger6logger3LogESaIS3_EE8_M_clearEv
FNF:1
FNH:0
DA:65,0
DA:69,0
DA:70,0
DA:72,0
DA:73,0
DA:74,0
DA:76,0
DA:80,0
DA:82,0
LF:9
LH:0
end_of_record
SF:/usr/include/c++/7/bits/move.h
FN:47,_ZSt11__addressofISaISt10_List_nodeIN6Logger6logger3LogEEEEPT_RS6_
FN:73,_ZSt7forwardIRKN6Logger6logger3LogEEOT_RNSt16remove_referenceIS5_E4typeE
FN:98,_ZSt4moveIRN6Logger6logger13LogStrMatcherEEONSt16remove_referenceIT_E4typeEOS5_
FNDA:2295,_ZSt11__addressofISaISt10_List_nodeIN6Logger6logger3LogEEEEPT_RS6_
FNDA:9180,_ZSt7forwardIRKN6Logger6logger3LogEEOT_RNSt16remove_referenceIS5_E4typeE
FNDA:8,_ZSt4moveIRN6Logger6logger13LogStrMatcherEEONSt16remove_referenceIT_E4typeEOS5_
FNF:3
FNH:3
DA:47,2295
DA:48,2295
DA:73,9180
DA:74,9180
DA:98,8
DA:99,8
LF:6
LH:6
end_of_record
SF:/usr/include/c++/7/bits/predefined_ops.h
FN:271,_ZN9__gnu_cxx5__ops10_Iter_predIN6Logger6logger13LogStrMatcherEEC2ERKS5_
FN:271,_ZN9__gnu_cxx5__ops10_Iter_predIN6Logger6logger13LogStrMatcherEED2Ev
FN:276,_ZN9__gnu_cxx5__ops10_Iter_predIN6Logger6logger13LogStrMatcherEEC2ES4_
FN:282,_ZN9__gnu_cxx5__ops10_Iter_predIN6Logger6logger13LogStrMatcherEEclISt16reverse_iteratorISt14_List_iteratorINS3_3LogEEEEEbT_
FN:288,_ZN9__gnu_cxx5__ops11__pred_iterIN6Logger6logger13LogStrMatcherEEENS0_10_Iter_predIT_EES6_
FNDA:4,_ZN9__gnu_cxx5__ops10_Iter_predIN6Logger6logger13LogStrMatcherEEC2ERKS5_
FNDA:8,_ZN9__gnu_cxx5__ops10_Iter_predIN6Logger6logger13LogStrMatcherEED2Ev
FNDA:4,_ZN9__gnu_cxx5__ops10_Iter_predIN6Logger6logger13LogStrMatcherEEC2ES4_
FNDA:16,_ZN9__gnu_cxx5__ops10_Iter_predIN6Logger6logger13LogStrMatcherEEclISt16reverse_iteratorISt14_List_iteratorINS3_3LogEEEEEbT_
FNDA:4,_ZN9__gnu_cxx5__ops11__pred_iterIN6Logger6logger13LogStrMatcherEEENS0_10_Iter_predIT_EES6_
FNF:5
FNH:5
DA:271,12
DA:276,4
DA:277,4
DA:278,4
DA:282,16
DA:283,16
DA:288,4
DA:289,4
LF:8
LH:8
end_of_record
SF:/usr/include/c++/7/bits/stl_algo.h
FN:101,_ZSt9__find_ifISt16reverse_iteratorISt14_List_iteratorIN6Logger6logger3LogEEEN9__gnu_cxx5__ops10_Iter_predINS3_13LogStrMatcherEEEET_SC_SC_T0_St18input_iterator_tag
FN:159,_ZSt9__find_ifISt16reverse_iteratorISt14_List_iteratorIN6Logger6logger3LogEEEN9__gnu_cxx5__ops10_Iter_predINS3_13LogStrMatcherEEEET_SC_SC_T0_
FN:3923,_ZSt7find_ifISt16reverse_iteratorISt14_List_iteratorIN6Logger6logger3LogEEENS3_13LogStrMatcherEET_S8_S8_T0_
FNDA:4,_ZSt9__find_ifISt16reverse_iteratorISt14_List_iteratorIN6Logger6logger3LogEEEN9__gnu_cxx5__ops10_Iter_predINS3_13LogStrMatcherEEEET_SC_SC_T0_St18input_iterator_tag
FNDA:4,_ZSt9__find_ifISt16reverse_iteratorISt14_List_iteratorIN6Logger6logger3LogEEEN9__gnu_cxx5__ops10_Iter_predINS3_13LogStrMatcherEEEET_SC_SC_T0_
FNDA:4,_ZSt7find_ifISt16reverse_iteratorISt14_List_iteratorIN6Logger6logger3LogEEENS3_13LogStrMatcherEET_S8_S8_T0_
FNF:3
FNH:3
DA:101,18
DA:104,32
DA:105,14
DA:106,4
DA:159,4
DA:162,4
DA:3923,4
DA:3933,4
LF:8
LH:8
end_of_record
SF:/usr/include/c++/7/bits/stl_iterator.h
FN:132,_ZNSt16reverse_iteratorISt14_List_iteratorIN6Logger6logger3LogEEEC2ES4_
FN:138,_ZNSt16reverse_iteratorISt14_List_iteratorIN6Logger6logger3LogEEEC2ERKS5_
FN:154,_ZNKSt16reverse_iteratorISt14_List_iteratorIN6Logger6logger3LogEEE4baseEv
FN:168,_ZNKSt16reverse_iteratorISt14_List_iteratorIN6Logger6logger3LogEEEdeEv
FN:189,_ZNSt16reverse_iteratorISt14_List_iteratorIN6Logger6logger3LogEEEppEv
FN:299,_ZSteqISt14_List_iteratorIN6Logger6logger3LogEEEbRKSt16reverse_iteratorIT_ES9_
FN:311,_ZStneISt14_List_iteratorIN6Logger6logger3LogEEEbRKSt16reverse_iteratorIT_ES9_
FNDA:12,_ZNSt16reverse_iteratorISt14_List_iteratorIN6Logger6logger3LogEEEC2ES4_
FNDA:36,_ZNSt16reverse_iteratorISt14_List_iteratorIN6Logger6logger3LogEEEC2ERKS5_
FNDA:44,_ZNKSt16reverse_iteratorISt14_List_iteratorIN6Logger6logger3LogEEE4baseEv
FNDA:16,_ZNKSt16reverse_iteratorISt14_List_iteratorIN6Logger6logger3LogEEEdeEv
FNDA:14,_ZNSt16reverse_iteratorISt14_List_iteratorIN6Logger6logger3LogEEEppEv
FNDA:22,_ZSteqISt14_List_iteratorIN6Logger6logger3LogEEEbRKSt16reverse_iteratorIT_ES9_
FNDA:22,_ZStneISt14_List_iteratorIN6Logger6logger3LogEEEbRKSt16reverse_iteratorIT_ES9_
FNF:7
FNH:7
DA:132,12
DA:138,36
DA:139,36
DA:154,44
DA:155,44
DA:168,16
DA:170,16
DA:171,16
DA:189,14
DA:191,14
DA:192,14
DA:299,22
DA:301,22
DA:311,22
DA:313,22
LF:15
LH:15
end_of_record
SF:/usr/include/c++/7/bits/stl_iterator_base_types.h
FN:205,_ZSt19__iterator_categoryISt16reverse_iteratorISt14_List_iteratorIN6Logger6logger3LogEEEENSt15iterator_traitsIT_E17iterator_categoryERKS8_
FNDA:4,_ZSt19__iterator_categoryISt16reverse_iteratorISt14_List_iteratorIN6Logger6logger3LogEEEENSt15iterator_traitsIT_E17iterator_categoryERKS8_
FNF:1
FNH:1
DA:205,4
DA:206,4
LF:2
LH:2
end_of_record
SF:/usr/include/c++/7/bits/stl_list.h
FN:113,_ZNSt10_List_nodeImE9_M_valptrEv
FN:113,_ZNSt10_List_nodeIN6Logger6logger3LogEE9_M_valptrEv
FN:114,_ZNKSt10_List_nodeImE9_M_valptrEv
FN:143,_ZNSt14_List_iteratorIN6Logger6logger3LogEEC2EPNSt8__detail15_List_node_baseE
FN:152,_ZNKSt14_List_iteratorIN6Logger6logger3LogEEdeEv
FN:175,_ZNSt14_List_iteratorIN6Logger6logger3LogEEmmEv
FN:190,_ZNKSt14_List_iteratorIN6Logger6logger3LogEEeqERKS3_
FN:323,_ZNSt7__cxx1110_List_baseIN6Logger6logger3LogESaIS3_EE10_List_implD2Ev
FN:332,_ZNSt7__cxx1110_List_baseIN6Logger6logger3LogESaIS3_EE10_List_implC2Ev
FN:352,_ZNSt7__cxx1110_List_baseIN6Logger6logger3LogESaIS3_EE11_M_set_sizeEm
FN:354,_ZNSt7__cxx1110_List_baseIN6Logger6logger3LogESaIS3_EE11_M_inc_sizeEm
FN:356,_ZNSt7__cxx1110_List_baseIN6Logger6logger3LogESaIS3_EE11_M_dec_sizeEm
FN:364,_ZNKSt7__cxx1110_List_baseIN6Logger6logger3LogESaIS3_EE13_M_node_countEv
FN:382,_ZNSt7__cxx1110_List_baseIN6Logger6logger3LogESaIS3_EE11_M_get_nodeEv
FN:386,_ZNSt7__cxx1110_List_baseIN6Logger6logger3LogESaIS3_EE11_M_put_nodeEPSt10_List_nodeIS3_E
FN:393,_ZNSt7__cxx1110_List_baseIN6Logger6logger3LogESaIS3_EE21_M_get_Node_allocatorEv
FN:400,_ZNSt7__cxx1110_List_baseIN6Logger6logger3LogESaIS3_EEC2Ev
FN:441,_ZNSt7__cxx1110_List_baseIN6Logger6logger3LogESaIS3_EED2Ev
FN:448,_ZNSt7__cxx1110_List_baseIN6Logger6logger3LogESaIS3_EE7_M_initEv
FN:570,_ZNSt7__cxx114listIN6Logger6logger3LogESaIS3_EE14_M_create_nodeIJRKS3_EEEPSt10_List_nodeIS3_EDpOT_
FN:589,_ZNSt7__cxx114listIN6Logger6logger3LogESaIS3_EEC2Ev
FN:733,_ZNSt7__cxx114listIN6Logger6logger3LogESaIS3_EED2Ev
FN:851,_ZNSt7__cxx114listIN6Logger6logger3LogESaIS3_EE5beginEv
FN:869,_ZNSt7__cxx114listIN6Logger6logger3LogESaIS3_EE3endEv
FN:887,_ZNSt7__cxx114listIN6Logger6logger3LogESaIS3_EE6rbeginEv
FN:905,_ZNSt7__cxx114listIN6Logger6logger3LogESaIS3_EE4rendEv
FN:961,_ZNKSt7__cxx114listIN6Logger6logger3LogESaIS3_EE5emptyEv
FN:966,_ZNKSt7__cxx114listIN6Logger6logger3LogESaIS3_EE4sizeEv
FN:1036,_ZNSt7__cxx114listIN6Logger6logger3LogESaIS3_EE4backEv
FN:1103,_ZNSt7__cxx114listIN6Logger6logger3LogESaIS3_EE9pop_frontEv
FN:1117,_ZNSt7__cxx114listIN6Logger6logger3LogESaIS3_EE9push_backERKS3_
FN:1404,_ZNSt7__cxx114listIN6Logger6logger3LogESaIS3_EE5clearEv
FN:1799,_ZNSt7__cxx114listIN6Logger6logger3LogESaIS3_EE9_M_insertIJRKS3_EEEvSt14_List_iteratorIS3_EDpOT_
FN:1809,_ZNSt7__cxx114listIN6Logger6logger3LogESaIS3_EE8_M_eraseESt14_List_iteratorIS3_E
FNDA:0,_ZNSt10_List_nodeImE9_M_valptrEv
FNDA:0,_ZNSt10_List_nodeIN6Logger6logger3LogEE9_M_valptrEv
FNDA:0,_ZNKSt10_List_nodeImE9_M_valptrEv
FNDA:0,_ZNSt14_List_iteratorIN6Logger6logger3LogEEC2EPNSt8__detail15_List_node_baseE
FNDA:0,_ZNKSt14_List_iteratorIN6Logger6logger3LogEEdeEv
FNDA:0,_ZNSt14_List_iteratorIN6Logger6logger3LogEEmmEv
FNDA:22,_ZNKSt14_List_iteratorIN6Logger6logger3LogEEeqERKS3_
FNDA:2,_ZNSt7__cxx1110_List_baseIN6Logger6logger3LogESaIS3_EE10_List_implD2Ev
FNDA:2,_ZNSt7__cxx1110_List_baseIN6Logger6logger3LogESaIS3_EE10_List_implC2Ev
FNDA:0,_ZNSt7__cxx1110_List_baseIN6Logger6logger3LogESaIS3_EE11_M_set_sizeEm
FNDA:2295,_ZNSt7__cxx1110_List_baseIN6Logger6logger3LogESaIS3_EE11_M_inc_sizeEm
FNDA:12,_ZNSt7__cxx1110_List_baseIN6Logger6logger3LogESaIS3_EE11_M_dec_sizeEm
FNDA:0,_ZNKSt7__cxx1110_List_baseIN6Logger6logger3LogESaIS3_EE13_M_node_countEv
FNDA:2295,_ZNSt7__cxx1110_List_baseIN6Logger6logger3LogESaIS3_EE11_M_get_nodeEv
FNDA:0,_ZNSt7__cxx1110_List_baseIN6Logger6logger3LogESaIS3_EE11_M_put_nodeEPSt10_List_nodeIS3_E
FNDA:0,_ZNSt7__cxx1110_List_baseIN6Logger6logger3LogESaIS3_EE21_M_get_Node_allocatorEv
FNDA:2,_ZNSt7__cxx1110_List_baseIN6Logger6logger3LogESaIS3_EEC2Ev
FNDA:2,_ZNSt7__cxx1110_List_baseIN6Logger6logger3LogESaIS3_EED2Ev
FNDA:0,_ZNSt7__cxx1110_List_baseIN6Logger6logger3LogESaIS3_EE7_M_initEv
FNDA:2295,_ZNSt7__cxx114listIN6Logger6logger3LogESaIS3_EE14_M_create_nodeIJRKS3_EEEPSt10_List_nodeIS3_EDpOT_
FNDA:2,_ZNSt7__cxx114listIN6Logger6logger3LogESaIS3_EEC2Ev
FNDA:2,_ZNSt7__cxx114listIN6Logger6logger3LogESaIS3_EED2Ev
FNDA:0,_ZNSt7__cxx114listIN6Logger6logger3LogESaIS3_EE5beginEv
FNDA:0,_ZNSt7__cxx114listIN6Logger6logger3LogESaIS3_EE3endEv
FNDA:4,_ZNSt7__cxx114listIN6Logger6logger3LogESaIS3_EE6rbeginEv
FNDA:8,_ZNSt7__cxx114listIN6Logger6logger3LogESaIS3_EE4rendEv
FNDA:0,_ZNKSt7__cxx114listIN6Logger6logger3LogESaIS3_EE5emptyEv
FNDA:0,_ZNKSt7__cxx114listIN6Logger6logger3LogESaIS3_EE4sizeEv
FNDA:0,_ZNSt7__cxx114listIN6Logger6logger3LogESaIS3_EE4backEv
FNDA:12,_ZNSt7__cxx114listIN6Logger6logger3LogESaIS3_EE9pop_frontEv
FNDA:2295,_ZNSt7__cxx114listIN6Logger6logger3LogESaIS3_EE9push_backERKS3_
FNDA:0,_ZNSt7__cxx114listIN6Logger6logger3LogESaIS3_EE5clearEv
FNDA:2295,_ZNSt7__cxx114listIN6Logger6logger3LogESaIS3_EE9_M_insertIJRKS3_EEEvSt14_List_iteratorIS3_EDpOT_
FNDA:12,_ZNSt7__cxx114listIN6Logger6logger3LogESaIS3_EE8_M_eraseESt14_List_iteratorIS3_E
FNF:34
FNH:17
DA:113,0
DA:114,0
DA:143,0
DA:144,0
DA:152,0
DA:153,0
DA:175,0
DA:177,0
DA:178,0
DA:190,22
DA:191,22
DA:323,2
DA:332,2
DA:333,2
DA:334,2
DA:352,0
DA:354,2295
DA:356,12
DA:364,0
DA:382,2295
DA:383,2295
DA:386,0
DA:387,0
DA:393,0
DA:394,0
DA:400,2
DA:401,2
DA:402,2
DA:441,2
DA:442,2
DA:448,0
DA:450,0
DA:451,0
DA:452,0
DA:453,0
DA:570,2295
DA:572,2295
DA:573,2295
DA:574,4590
DA:575,2295
DA:577,2295
DA:578,4590
DA:589,2
DA:593,2
DA:733,2
DA:851,0
DA:852,0
DA:869,0
DA:870,0
DA:887,4
DA:888,4
DA:905,8
DA:906,8
DA:961,0
DA:962,0
DA:966,0
DA:967,0
DA:1036,0
DA:1038,0
DA:1039,0
DA:1040,0
DA:1103,12
DA:1104,12
DA:1117,2295
DA:1118,2295
DA:1404,0
DA:1406,0
DA:1407,0
DA:1408,0
DA:1799,2295
DA:1801,2295
DA:1802,2295
DA:1803,2295
DA:1804,2295
DA:1809,12
DA:1811,12
DA:1812,12
DA:1813,12
DA:1815,12
DA:1820,12
DA:1821,12
LF:81
LH:45
end_of_record
SF:/usr/include/c++/7/ext/aligned_buffer.h
FN:62,_ZN9__gnu_cxx16__aligned_membufIN6Logger6logger3LogEE7_M_addrEv
FN:62,_ZN9__gnu_cxx16__aligned_membufImE7_M_addrEv
FN:66,_ZNK9__gnu_cxx16__aligned_membufImE7_M_addrEv
FN:70,_ZN9__gnu_cxx16__aligned_membufImE6_M_ptrEv
FN:70,_ZN9__gnu_cxx16__aligned_membufIN6Logger6logger3LogEE6_M_ptrEv
FN:74,_ZNK9__gnu_cxx16__aligned_membufImE6_M_ptrEv
FNDA:0,_ZN9__gnu_cxx16__aligned_membufImE7_M_addrEv
FNDA:0,_ZN9__gnu_cxx16__aligned_membufIN6Logger6logger3LogEE7_M_addrEv
FNDA:0,_ZNK9__gnu_cxx16__aligned_membufImE7_M_addrEv
FNDA:0,_ZN9__gnu_cxx16__aligned_membufImE6_M_ptrEv
FNDA:0,_ZN9__gnu_cxx16__aligned_membufIN6Logger6logger3LogEE6_M_ptrEv
FNDA:0,_ZNK9__gnu_cxx16__aligned_membufImE6_M_ptrEv
FNF:6
FNH:0
DA:62,0
DA:63,0
DA:66,0
DA:67,0
DA:70,0
DA:71,0
DA:74,0
DA:75,0
LF:8
LH:0
end_of_record
SF:/usr/include/c++/7/ext/new_allocator.h
FN:79,_ZN9__gnu_cxx13new_allocatorISt10_List_nodeIN6Logger6logger3LogEEEC2Ev
FN:86,_ZN9__gnu_cxx13new_allocatorISt10_List_nodeIN6Logger6logger3LogEEED2Ev
FN:99,_ZN9__gnu_cxx13new_allocatorISt10_List_nodeIN6Logger6logger3LogEEE8allocateEmPKv
FN:116,_ZN9__gnu_cxx13new_allocatorISt10_List_nodeIN6Logger6logger3LogEEE10deallocateEPS5_m
FN:129,_ZNK9__gnu_cxx13new_allocatorISt10_List_nodeIN6Logger6logger3LogEEE8max_sizeEv
FN:135,_ZN9__gnu_cxx13new_allocatorISt10_List_nodeIN6Logger6logger3LogEEE9constructIS4_JRKS4_EEEvPT_DpOT0_
FN:140,_ZN9__gnu_cxx13new_allocatorISt10_List_nodeIN6Logger6logger3LogEEE7destroyIS4_EEvPT_
FNDA:2,_ZN9__gnu_cxx13new_allocatorISt10_List_nodeIN6Logger6logger3LogEEEC2Ev
FNDA:2,_ZN9__gnu_cxx13new_allocatorISt10_List_nodeIN6Logger6logger3LogEEED2Ev
FNDA:2295,_ZN9__gnu_cxx13new_allocatorISt10_List_nodeIN6Logger6logger3LogEEE8allocateEmPKv
FNDA:0,_ZN9__gnu_cxx13new_allocatorISt10_List_nodeIN6Logger6logger3LogEEE10deallocateEPS5_m
FNDA:2295,_ZNK9__gnu_cxx13new_allocatorISt10_List_nodeIN6Logger6logger3LogEEE8max_sizeEv
FNDA:2295,_ZN9__gnu_cxx13new_allocatorISt10_List_nodeIN6Logger6logger3LogEEE9constructIS4_JRKS4_EEEvPT_DpOT0_
FNDA:0,_ZN9__gnu_cxx13new_allocatorISt10_List_nodeIN6Logger6logger3LogEEE7destroyIS4_EEvPT_
FNF:7
FNH:5
DA:79,2
DA:86,2
DA:99,2295
DA:101,2295
DA:102,0
DA:111,2295
DA:116,0
DA:125,0
DA:126,0
DA:129,2295
DA:130,2295
DA:135,2295
DA:136,2295
DA:140,0
LF:14
LH:9
end_of_record
SF:/usr/include/c++/7/iostream
DA:74,2
LF:1
LH:1
end_of_record
SF:/usr/include/c++/7/new
FN:168,_ZnwmPv
FN:174,_ZdlPvS_
FNDA:0,_ZnwmPv
FNDA:0,_ZdlPvS_
FNF:2
FNH:0
DA:168,0
DA:169,0
DA:174,0
LF:3
LH:0
end_of_record
SF:/home/xronia/workspace/PBase/Logger/logger.cc
FN:33,__tcf_0
FN:48,_ZN6Logger6loggerC2Ev
FN:51,_ZN6Logger6loggerD0Ev
FN:51,_ZN6Logger6loggerD2Ev
FN:54,_ZN6Logger6logger8InstanceEv
FN:58,_ZN6Logger6logger5TraceENS0_5LEVELERKNSt7__cxx1112basic_stringIcSt11char_traitsIcESaIcEEES9_jPKcz
FN:73,_ZN6Logger6logger5TraceENS0_5LEVELERKNSt7__cxx1112basic_stringIcSt11char_traitsIcESaIcEEES9_jPKcP13__va_list_tag
FN:88,_ZN6Logger6logger5TraceENS0_5LEVELERKNSt7__cxx1112basic_stringIcSt11char_traitsIcESaIcEEES9_jS9_
FN:127,_ZNK6Logger6logger11getLogLevelEv
FN:131,_ZN6Logger6logger11setLogLevelENS0_5LEVELE
FN:135,_ZN6Logger6logger5flashEv
FN:139,_ZNK6Logger6logger4findERKNSt7__cxx1112basic_stringIcSt11char_traitsIcESaIcEEE
FN:143,_ZNK6Logger6logger7getLastEv
FN:148,_ZN6Logger6logger13LogStrMatcherC2ERKNSt7__cxx1112basic_stringIcSt11char_traitsIcESaIcEEE
FN:151,_ZN6Logger6logger13LogStrMatcherclERKNS0_3LogE
FN:157,_Z41__static_initialization_and_destruction_0ii
FN:157,_GLOBAL__sub_I_logger.cc
FNDA:2,__tcf_0
FNDA:4,_ZN6Logger6loggerC2Ev
FNDA:2,_ZN6Logger6loggerD0Ev
FNDA:4,_ZN6Logger6loggerD2Ev
FNDA:279,_ZN6Logger6logger8InstanceEv
FNDA:18,_ZN6Logger6logger5TraceENS0_5LEVELERKNSt7__cxx1112basic_stringIcSt11char_traitsIcESaIcEEES9_jPKcz
FNDA:28,_ZN6Logger6logger5TraceENS0_5LEVELERKNSt7__cxx1112basic_stringIcSt11char_traitsIcESaIcEEES9_jPKcP13__va_list_tag
FNDA:2295,_ZN6Logger6logger5TraceENS0_5LEVELERKNSt7__cxx1112basic_stringIcSt11char_traitsIcESaIcEEES9_jS9_
FNDA:159,_ZNK6Logger6logger11getLogLevelEv
FNDA:2,_ZN6Logger6logger11setLogLevelENS0_5LEVELE
FNDA:2,_ZN6Logger6logger5flashEv
FNDA:4,_ZNK6Logger6logger4findERKNSt7__cxx1112basic_stringIcSt11char_traitsIcESaIcEEE
FNDA:100,_ZNK6Logger6logger7getLastEv
FNDA:4,_ZN6Logger6logger13LogStrMatcherC2ERKNSt7__cxx1112basic_stringIcSt11char_traitsIcESaIcEEE
FNDA:16,_ZN6Logger6logger13LogStrMatcherclERKNS0_3LogE
FNDA:2,_GLOBAL__sub_I_logger.cc
FNDA:2,_Z41__static_initialization_and_destruction_0ii
FNF:17
FNH:17
DA:33,4
DA:40,2
DA:44,2
DA:46,2
DA:48,4
DA:49,4
DA:51,6
DA:52,6
DA:54,279
DA:55,279
DA:58,18
DA:67,18
DA:68,18
DA:69,16
DA:71,16
DA:73,28
DA:81,28
DA:82,20
DA:83,18
DA:84,18
DA:85,18
DA:88,2295
DA:95,2295
DA:97,4590
DA:98,2295
DA:99,2295
DA:100,2285
DA:101,4590
DA:102,2295
DA:103,2295
DA:104,2295
DA:105,2295
DA:106,2295
DA:107,2295
DA:109,4590
DA:110,4590
DA:111,4590
DA:112,6885
DA:114,2295
DA:115,2319
DA:116,12
DA:121,2295
DA:122,106
DA:124,2189
DA:127,159
DA:128,159
DA:131,2
DA:132,2
DA:133,2
DA:135,2
DA:136,2
DA:137,2
DA:139,4
DA:140,4
DA:143,100
DA:144,100
DA:145,98
DA:148,4
DA:150,4
DA:151,16
DA:152,16
DA:157,6
LF:62
LH:62
end_of_record
TN:
SF:/usr/include/c++/7/bits/basic_string.h
FN:5941,_ZStplIcSt11char_traitsIcESaIcEENSt7__cxx1112basic_stringIT_T0_T1_EEOS8_RKS8_
FN:5977,_ZStplIcSt11char_traitsIcESaIcEENSt7__cxx1112basic_stringIT_T0_T1_EEOS8_PKS5_
FNDA:1346,_ZStplIcSt11char_traitsIcESaIcEENSt7__cxx1112basic_stringIT_T0_T1_EEOS8_RKS8_
FNDA:8351,_ZStplIcSt11char_traitsIcESaIcEENSt7__cxx1112basic_stringIT_T0_T1_EEOS8_PKS5_
FNF:2
FNH:2
DA:5941,1346
DA:5943,1346
DA:5977,8351
DA:5979,8351
LF:4
LH:4
end_of_record
SF:/usr/include/c++/7/bits/move.h
FN:98,_ZSt4moveIRNSt7__cxx1112basic_stringIcSt11char_traitsIcESaIcEEEEONSt16remove_referenceIT_E4typeEOS8_
FNDA:0,_ZSt4moveIRNSt7__cxx1112basic_stringIcSt11char_traitsIcESaIcEEEEONSt16remove_referenceIT_E4typeEOS8_
FNF:1
FNH:0
DA:98,0
DA:99,0
LF:2
LH:0
end_of_record
SF:/home/xronia/workspace/PBase/Exception/exception.cc
FN:20,_ZN9Exception9exceptionC2EPKc
FN:24,_ZN9Exception9exceptionC2ERKNSt7__cxx1112basic_stringIcSt11char_traitsIcESaIcEEE
FN:28,_ZN9Exception9exceptionC2ERKNSt7__cxx1112basic_stringIcSt11char_traitsIcESaIcEEES8_jPKcz
FN:48,_ZN9Exception9exceptionC2ERKNSt7__cxx1112basic_stringIcSt11char_traitsIcESaIcEEES8_jS8_
FN:63,_ZN9Exception9exceptionD0Ev
FN:63,_ZN9Exception9exceptionD2Ev
FN:66,_ZNK9Exception9exception10getMessageB5cxx11Ev
FNDA:32,_ZN9Exception9exceptionC2EPKc
FNDA:2364,_ZN9Exception9exceptionC2ERKNSt7__cxx1112basic_stringIcSt11char_traitsIcESaIcEEE
FNDA:230,_ZN9Exception9exceptionC2ERKNSt7__cxx1112basic_stringIcSt11char_traitsIcESaIcEEES8_jPKcz
FNDA:2070,_ZN9Exception9exceptionC2ERKNSt7__cxx1112basic_stringIcSt11char_traitsIcESaIcEEES8_jS8_
FNDA:0,_ZN9Exception9exceptionD0Ev
FNDA:4664,_ZN9Exception9exceptionD2Ev
FNDA:64,_ZNK9Exception9exception10getMessageB5cxx11Ev
FNF:7
FNH:6
DA:20,32
DA:22,32
DA:24,2364
DA:26,2364
DA:28,230
DA:34,262
DA:35,230
DA:36,230
DA:37,396
DA:39,198
DA:40,198
DA:41,198
DA:43,198
DA:45,198
DA:46,198
DA:48,2070
DA:53,2070
DA:54,2070
DA:56,2070
DA:58,2070
DA:60,2070
DA:61,2070
DA:63,4664
DA:64,4664
DA:66,64
DA:67,64
LF:26
LH:26
end_of_record
